<?xml version="1.0" encoding="UTF-8"?>
<robot generator="Robot 7.4.2 (Python 3.12.3 on linux)" generated="2026-07-25T00:28:36.446814" rpa="false" schemaversion="5">
<suite id="s1" name="Tests" source="/home/ubuntu/projects/microvm/KubeMicroVM/uat/tests">
<kw name="Setup Cluster If Needed" owner="cluster_setup" type="SETUP">
<kw name="Run Process" owner="Process">
<msg time="2026-07-25T00:28:36.505810" level="INFO">Starting process:
kubectl get deploy kube-microvm-operator -n kube-microvm</msg>
<msg time="2026-07-25T00:28:36.506328" level="INFO">Waiting for process to complete.</msg>
<msg time="2026-07-25T00:28:37.148729" level="INFO">Process completed.</msg>
<msg time="2026-07-25T00:28:37.148936" level="INFO">${op_check} = &lt;result object with rc 1&gt;</msg>
<var>${op_check}</var>
<arg>kubectl</arg>
<arg>get</arg>
<arg>deploy</arg>
<arg>kube-microvm-operator</arg>
<arg>-n</arg>
<arg>${OPERATOR_NS}</arg>
<doc>Runs a process and waits for it to complete.</doc>
<status status="PASS" start="2026-07-25T00:28:36.505525" elapsed="0.643434"/>
</kw>
<if>
<branch type="IF" condition="${op_check.rc} != 0">
<kw name="Log" owner="BuiltIn">
<msg time="2026-07-25T00:28:37.149972" level="INFO">Operator not found — installing...</msg>
<arg>Operator not found — installing...</arg>
<doc>Logs the given message with the given level.</doc>
<status status="PASS" start="2026-07-25T00:28:37.149729" elapsed="0.000278"/>
</kw>
<kw name="Install Operator" owner="cluster_setup">
<kw name="Run Process" owner="Process">
<msg time="2026-07-25T00:28:37.150626" level="INFO">Starting process:
helm install kube-microvm-operator oci://ghcr.io/codriverlabs/helm/kube-microvm-operator --version 1.0.11-rc1 --namespace kube-microvm --create-namespace --set app.envs.AWS_REGION=us-east-1 --timeout 4m --wait</msg>
<msg time="2026-07-25T00:28:37.151141" level="INFO">Waiting for process to complete.</msg>
<msg time="2026-07-25T00:29:00.286811" level="INFO">Process completed.</msg>
<msg time="2026-07-25T00:29:00.287004" level="INFO">${result} = &lt;result object with rc 0&gt;</msg>
<var>${result}</var>
<arg>helm</arg>
<arg>install</arg>
<arg>kube-microvm-operator</arg>
<arg>oci://ghcr.io/codriverlabs/helm/kube-microvm-operator</arg>
<arg>--version</arg>
<arg>${CHART_VERSION}</arg>
<arg>--namespace</arg>
<arg>${OPERATOR_NS}</arg>
<arg>--create-namespace</arg>
<arg>--set</arg>
<arg>app.envs.AWS_REGION\=${REGION}</arg>
<arg>--timeout</arg>
<arg>4m</arg>
<arg>--wait</arg>
<doc>Runs a process and waits for it to complete.</doc>
<status status="PASS" start="2026-07-25T00:28:37.150286" elapsed="23.136739"/>
</kw>
<kw name="Should Be Equal As Integers" owner="BuiltIn">
<msg time="2026-07-25T00:29:00.288106" level="INFO">Argument types are:
&lt;class 'int'&gt;
&lt;class 'str'&gt;</msg>
<arg>${result.rc}</arg>
<arg>0</arg>
<arg>Helm install failed: ${result.stderr}</arg>
<doc>Fails if objects are unequal after converting them to integers.</doc>
<status status="PASS" start="2026-07-25T00:29:00.287223" elapsed="0.000932"/>
</kw>
<kw name="Log" owner="BuiltIn">
<msg time="2026-07-25T00:29:00.288389" level="INFO">Operator installed successfully</msg>
<arg>Operator installed successfully</arg>
<doc>Logs the given message with the given level.</doc>
<status status="PASS" start="2026-07-25T00:29:00.288256" elapsed="0.000157"/>
</kw>
<status status="PASS" start="2026-07-25T00:28:37.150135" elapsed="23.138326"/>
</kw>
<status status="PASS" start="2026-07-25T00:28:37.149105" elapsed="23.139376"/>
</branch>
<status status="PASS" start="2026-07-25T00:28:37.149074" elapsed="23.139434"/>
</if>
<kw name="Verify Cluster Ready" owner="cluster_setup">
<kw name="Verify Operator Running" owner="cluster_setup">
<kw name="Run Process" owner="Process">
<msg time="2026-07-25T00:29:00.289070" level="INFO">Starting process:
kubectl get deploy kube-microvm-operator -n kube-microvm -o jsonpath={.status.readyReplicas}</msg>
<msg time="2026-07-25T00:29:00.289495" level="INFO">Waiting for process to complete.</msg>
<msg time="2026-07-25T00:29:00.913559" level="INFO">Process completed.</msg>
<msg time="2026-07-25T00:29:00.913740" level="INFO">${result} = &lt;result object with rc 0&gt;</msg>
<var>${result}</var>
<arg>kubectl</arg>
<arg>get</arg>
<arg>deploy</arg>
<arg>kube-microvm-operator</arg>
<arg>-n</arg>
<arg>${OPERATOR_NS}</arg>
<arg>-o</arg>
<arg>jsonpath\={.status.readyReplicas}</arg>
<doc>Runs a process and waits for it to complete.</doc>
<status status="PASS" start="2026-07-25T00:29:00.288835" elapsed="0.624924"/>
</kw>
<kw name="Should Be Equal As Integers" owner="BuiltIn">
<msg time="2026-07-25T00:29:00.914755" level="INFO">Argument types are:
&lt;class 'int'&gt;
&lt;class 'str'&gt;</msg>
<arg>${result.rc}</arg>
<arg>0</arg>
<arg>kubectl failed: ${result.stderr}</arg>
<doc>Fails if objects are unequal after converting them to integers.</doc>
<status status="PASS" start="2026-07-25T00:29:00.913933" elapsed="0.000867"/>
</kw>
<kw name="Should Be Equal" owner="BuiltIn">
<arg>${result.stdout}</arg>
<arg>1</arg>
<arg>Operator not running — install with: helm install kube-microvm-operator oci://ghcr.io/codriverlabs/helm/kube-microvm-operator --version ${CHART_VERSION} --namespace ${OPERATOR_NS} --create-namespace --set app.envs.AWS_REGION=${REGION}</arg>
<doc>Fails if the given objects are unequal.</doc>
<status status="PASS" start="2026-07-25T00:29:00.914872" elapsed="0.000473"/>
</kw>
<status status="PASS" start="2026-07-25T00:29:00.288754" elapsed="0.626646"/>
</kw>
<kw name="Verify CRDs Installed" owner="cluster_setup">
<kw name="Run Process" owner="Process">
<msg time="2026-07-25T00:29:00.915949" level="INFO">Starting process:
kubectl get crd microvms.lambda.aws.amazon.com</msg>
<msg time="2026-07-25T00:29:00.916360" level="INFO">Waiting for process to complete.</msg>
<msg time="2026-07-25T00:29:01.537473" level="INFO">Process completed.</msg>
<msg time="2026-07-25T00:29:01.537656" level="INFO">${result} = &lt;result object with rc 0&gt;</msg>
<var>${result}</var>
<arg>kubectl</arg>
<arg>get</arg>
<arg>crd</arg>
<arg>microvms.lambda.aws.amazon.com</arg>
<doc>Runs a process and waits for it to complete.</doc>
<status status="PASS" start="2026-07-25T00:29:00.915636" elapsed="0.622040"/>
</kw>
<kw name="Should Be Equal As Integers" owner="BuiltIn">
<msg time="2026-07-25T00:29:01.538448" level="INFO">Argument types are:
&lt;class 'int'&gt;
&lt;class 'str'&gt;</msg>
<arg>${result.rc}</arg>
<arg>0</arg>
<arg>CRDs not installed — operator Helm chart should install them</arg>
<doc>Fails if objects are unequal after converting them to integers.</doc>
<status status="PASS" start="2026-07-25T00:29:01.537842" elapsed="0.000647"/>
</kw>
<kw name="Run Process" owner="Process">
<msg time="2026-07-25T00:29:01.538746" level="INFO">Starting process:
kubectl get crd microvmimages.lambda.aws.amazon.com</msg>
<msg time="2026-07-25T00:29:01.539142" level="INFO">Waiting for process to complete.</msg>
<msg time="2026-07-25T00:29:02.156150" level="INFO">Process completed.</msg>
<msg time="2026-07-25T00:29:02.156345" level="INFO">${result} = &lt;result object with rc 0&gt;</msg>
<var>${result}</var>
<arg>kubectl</arg>
<arg>get</arg>
<arg>crd</arg>
<arg>microvmimages.lambda.aws.amazon.com</arg>
<doc>Runs a process and waits for it to complete.</doc>
<status status="PASS" start="2026-07-25T00:29:01.538566" elapsed="0.617798"/>
</kw>
<kw name="Should Be Equal As Integers" owner="BuiltIn">
<msg time="2026-07-25T00:29:02.157123" level="INFO">Argument types are:
&lt;class 'int'&gt;
&lt;class 'str'&gt;</msg>
<arg>${result.rc}</arg>
<arg>0</arg>
<arg>MicroVMImage CRD missing</arg>
<doc>Fails if objects are unequal after converting them to integers.</doc>
<status status="PASS" start="2026-07-25T00:29:02.156533" elapsed="0.000651"/>
</kw>
<kw name="Run Process" owner="Process">
<msg time="2026-07-25T00:29:02.157423" level="INFO">Starting process:
kubectl get crd microvmclasses.lambda.aws.amazon.com</msg>
<msg time="2026-07-25T00:29:02.157830" level="INFO">Waiting for process to complete.</msg>
<msg time="2026-07-25T00:29:02.778178" level="INFO">Process completed.</msg>
<msg time="2026-07-25T00:29:02.778365" level="INFO">${result} = &lt;result object with rc 0&gt;</msg>
<var>${result}</var>
<arg>kubectl</arg>
<arg>get</arg>
<arg>crd</arg>
<arg>microvmclasses.lambda.aws.amazon.com</arg>
<doc>Runs a process and waits for it to complete.</doc>
<status status="PASS" start="2026-07-25T00:29:02.157257" elapsed="0.621197"/>
</kw>
<kw name="Should Be Equal As Integers" owner="BuiltIn">
<msg time="2026-07-25T00:29:02.779275" level="INFO">Argument types are:
&lt;class 'int'&gt;
&lt;class 'str'&gt;</msg>
<arg>${result.rc}</arg>
<arg>0</arg>
<arg>MicroVMClass CRD missing</arg>
<doc>Fails if objects are unequal after converting them to integers.</doc>
<status status="PASS" start="2026-07-25T00:29:02.778623" elapsed="0.000695"/>
</kw>
<status status="PASS" start="2026-07-25T00:29:00.915520" elapsed="1.863845"/>
</kw>
<kw name="Verify Namespace Labelled" owner="cluster_setup">
<kw name="Run Process" owner="Process">
<msg time="2026-07-25T00:29:02.779894" level="INFO">Starting process:
kubectl get namespace default -o jsonpath={.metadata.labels.lambda\.aws\.amazon\.com/manage-microvms}</msg>
<msg time="2026-07-25T00:29:02.780304" level="INFO">Waiting for process to complete.</msg>
<msg time="2026-07-25T00:29:03.392672" level="INFO">Process completed.</msg>
<msg time="2026-07-25T00:29:03.392854" level="INFO">${result} = &lt;result object with rc 0&gt;</msg>
<var>${result}</var>
<arg>kubectl</arg>
<arg>get</arg>
<arg>namespace</arg>
<arg>${NAMESPACE}</arg>
<arg>-o</arg>
<arg>jsonpath\={.metadata.labels.lambda\\.aws\\.amazon\\.com/manage-microvms}</arg>
<doc>Runs a process and waits for it to complete.</doc>
<status status="PASS" start="2026-07-25T00:29:02.779662" elapsed="0.613213"/>
</kw>
<if>
<branch type="IF" condition="&quot;${result.stdout}&quot; != &quot;true&quot;">
<kw name="Run Process" owner="Process">
<arg>kubectl</arg>
<arg>label</arg>
<arg>namespace</arg>
<arg>${NAMESPACE}</arg>
<arg>lambda.aws.amazon.com/manage-microvms\=true</arg>
<arg>--overwrite</arg>
<doc>Runs a process and waits for it to complete.</doc>
<status status="NOT RUN" start="2026-07-25T00:29:03.393473" elapsed="0.000017"/>
</kw>
<kw name="Log" owner="BuiltIn">
<arg>Labelled namespace ${NAMESPACE} for MicroVM management</arg>
<doc>Logs the given message with the given level.</doc>
<status status="NOT RUN" start="2026-07-25T00:29:03.393563" elapsed="0.000014"/>
</kw>
<status status="NOT RUN" start="2026-07-25T00:29:03.392997" elapsed="0.000595"/>
</branch>
<status status="PASS" start="2026-07-25T00:29:03.392967" elapsed="0.000644"/>
</if>
<kw name="Run Process" owner="Process">
<msg time="2026-07-25T00:29:03.393986" level="INFO">Starting process:
kubectl get namespace default -o jsonpath={.metadata.labels.lambda\.microvm\.auth/inject}</msg>
<msg time="2026-07-25T00:29:03.394413" level="INFO">Waiting for process to complete.</msg>
<msg time="2026-07-25T00:29:04.011782" level="INFO">Process completed.</msg>
<msg time="2026-07-25T00:29:04.011971" level="INFO">${inject} = &lt;result object with rc 0&gt;</msg>
<var>${inject}</var>
<arg>kubectl</arg>
<arg>get</arg>
<arg>namespace</arg>
<arg>${NAMESPACE}</arg>
<arg>-o</arg>
<arg>jsonpath\={.metadata.labels.lambda\\.microvm\\.auth/inject}</arg>
<doc>Runs a process and waits for it to complete.</doc>
<status status="PASS" start="2026-07-25T00:29:03.393661" elapsed="0.618331"/>
</kw>
<if>
<branch type="IF" condition="&quot;${inject.stdout}&quot; != &quot;enabled&quot;">
<kw name="Run Process" owner="Process">
<arg>kubectl</arg>
<arg>label</arg>
<arg>namespace</arg>
<arg>${NAMESPACE}</arg>
<arg>lambda.microvm.auth/inject\=enabled</arg>
<arg>--overwrite</arg>
<doc>Runs a process and waits for it to complete.</doc>
<status status="NOT RUN" start="2026-07-25T00:29:04.012594" elapsed="0.000019"/>
</kw>
<status status="NOT RUN" start="2026-07-25T00:29:04.012105" elapsed="0.000533"/>
</branch>
<status status="PASS" start="2026-07-25T00:29:04.012081" elapsed="0.000576"/>
</if>
<status status="PASS" start="2026-07-25T00:29:02.779540" elapsed="1.233161"/>
</kw>
<kw name="Verify S3 Fixtures Uploaded" owner="cluster_setup">
<kw name="Run Process" owner="Process">
<msg time="2026-07-25T00:29:04.013301" level="INFO">Starting process:
aws s3 ls s3://kube-microvm-test-864899852480-us-east-1/test-fixtures/microvm-hello-node.zip</msg>
<msg time="2026-07-25T00:29:04.013784" level="INFO">Waiting for process to complete.</msg>
<msg time="2026-07-25T00:29:04.706499" level="INFO">Process completed.</msg>
<msg time="2026-07-25T00:29:04.706689" level="INFO">${result} = &lt;result object with rc 0&gt;</msg>
<var>${result}</var>
<arg>aws</arg>
<arg>s3</arg>
<arg>ls</arg>
<arg>s3://${S3_BUCKET}/test-fixtures/microvm-hello-node.zip</arg>
<doc>Runs a process and waits for it to complete.</doc>
<status status="PASS" start="2026-07-25T00:29:04.012985" elapsed="0.693730"/>
</kw>
<if>
<branch type="IF" condition="${result.rc} != 0">
<kw name="Log" owner="BuiltIn">
<arg>Uploading test fixtures to S3...</arg>
<doc>Logs the given message with the given level.</doc>
<status status="NOT RUN" start="2026-07-25T00:29:04.707350" elapsed="0.000018"/>
</kw>
<kw name="Upload Test Fixtures" owner="cluster_setup">
<status status="NOT RUN" start="2026-07-25T00:29:04.707499" elapsed="0.000015"/>
</kw>
<status status="NOT RUN" start="2026-07-25T00:29:04.706828" elapsed="0.000699"/>
</branch>
<status status="PASS" start="2026-07-25T00:29:04.706803" elapsed="0.000743"/>
</if>
<status status="PASS" start="2026-07-25T00:29:04.012851" elapsed="0.694736"/>
</kw>
<doc>Validates that the cluster has operator running, CRDs installed,
namespace labelled, and S3 test fixtures uploaded. Fails fast if not ready.</doc>
<status status="PASS" start="2026-07-25T00:29:00.288627" elapsed="4.418986"/>
</kw>
<doc>Full setup: installs operator if not present, labels namespace, uploads fixtures.
Call this for CI/CD environments where cluster may be fresh.</doc>
<status status="PASS" start="2026-07-25T00:28:36.505109" elapsed="28.202530"/>
</kw>
<suite id="s1-s1" name="00 Cluster Setup" source="/home/ubuntu/projects/microvm/KubeMicroVM/uat/tests/00_cluster_setup.robot">
<test id="s1-s1-t1" name="Operator Is Deployed And Running" line="10">
<kw name="Verify Operator Running" owner="cluster_setup">
<kw name="Run Process" owner="Process">
<msg time="2026-07-25T00:29:04.710794" level="INFO">Starting process:
kubectl get deploy kube-microvm-operator -n kube-microvm -o jsonpath={.status.readyReplicas}</msg>
<msg time="2026-07-25T00:29:04.711197" level="INFO">Waiting for process to complete.</msg>
<msg time="2026-07-25T00:29:05.330568" level="INFO">Process completed.</msg>
<msg time="2026-07-25T00:29:05.330765" level="INFO">${result} = &lt;result object with rc 0&gt;</msg>
<var>${result}</var>
<arg>kubectl</arg>
<arg>get</arg>
<arg>deploy</arg>
<arg>kube-microvm-operator</arg>
<arg>-n</arg>
<arg>${OPERATOR_NS}</arg>
<arg>-o</arg>
<arg>jsonpath\={.status.readyReplicas}</arg>
<doc>Runs a process and waits for it to complete.</doc>
<status status="PASS" start="2026-07-25T00:29:04.710530" elapsed="0.620257"/>
</kw>
<kw name="Should Be Equal As Integers" owner="BuiltIn">
<msg time="2026-07-25T00:29:05.331767" level="INFO">Argument types are:
&lt;class 'int'&gt;
&lt;class 'str'&gt;</msg>
<arg>${result.rc}</arg>
<arg>0</arg>
<arg>kubectl failed: ${result.stderr}</arg>
<doc>Fails if objects are unequal after converting them to integers.</doc>
<status status="PASS" start="2026-07-25T00:29:05.330963" elapsed="0.000848"/>
</kw>
<kw name="Should Be Equal" owner="BuiltIn">
<arg>${result.stdout}</arg>
<arg>1</arg>
<arg>Operator not running — install with: helm install kube-microvm-operator oci://ghcr.io/codriverlabs/helm/kube-microvm-operator --version ${CHART_VERSION} --namespace ${OPERATOR_NS} --create-namespace --set app.envs.AWS_REGION=${REGION}</arg>
<doc>Fails if the given objects are unequal.</doc>
<status status="PASS" start="2026-07-25T00:29:05.331885" elapsed="0.000482"/>
</kw>
<status status="PASS" start="2026-07-25T00:29:04.710396" elapsed="0.622024"/>
</kw>
<tag>critical</tag>
<tag>setup</tag>
<tag>smoke</tag>
<status status="PASS" start="2026-07-25T00:29:04.710117" elapsed="0.622385"/>
</test>
<test id="s1-s1-t2" name="CRDs Are Installed" line="14">
<kw name="Verify CRDs Installed" owner="cluster_setup">
<kw name="Run Process" owner="Process">
<msg time="2026-07-25T00:29:05.333317" level="INFO">Starting process:
kubectl get crd microvms.lambda.aws.amazon.com</msg>
<msg time="2026-07-25T00:29:05.333719" level="INFO">Waiting for process to complete.</msg>
<msg time="2026-07-25T00:29:05.951509" level="INFO">Process completed.</msg>
<msg time="2026-07-25T00:29:05.951694" level="INFO">${result} = &lt;result object with rc 0&gt;</msg>
<var>${result}</var>
<arg>kubectl</arg>
<arg>get</arg>
<arg>crd</arg>
<arg>microvms.lambda.aws.amazon.com</arg>
<doc>Runs a process and waits for it to complete.</doc>
<status status="PASS" start="2026-07-25T00:29:05.333127" elapsed="0.618587"/>
</kw>
<kw name="Should Be Equal As Integers" owner="BuiltIn">
<msg time="2026-07-25T00:29:05.952497" level="INFO">Argument types are:
&lt;class 'int'&gt;
&lt;class 'str'&gt;</msg>
<arg>${result.rc}</arg>
<arg>0</arg>
<arg>CRDs not installed — operator Helm chart should install them</arg>
<doc>Fails if objects are unequal after converting them to integers.</doc>
<status status="PASS" start="2026-07-25T00:29:05.951884" elapsed="0.000656"/>
</kw>
<kw name="Run Process" owner="Process">
<msg time="2026-07-25T00:29:05.952794" level="INFO">Starting process:
kubectl get crd microvmimages.lambda.aws.amazon.com</msg>
<msg time="2026-07-25T00:29:05.953221" level="INFO">Waiting for process to complete.</msg>
<msg time="2026-07-25T00:29:06.565743" level="INFO">Process completed.</msg>
<msg time="2026-07-25T00:29:06.565929" level="INFO">${result} = &lt;result object with rc 0&gt;</msg>
<var>${result}</var>
<arg>kubectl</arg>
<arg>get</arg>
<arg>crd</arg>
<arg>microvmimages.lambda.aws.amazon.com</arg>
<doc>Runs a process and waits for it to complete.</doc>
<status status="PASS" start="2026-07-25T00:29:05.952619" elapsed="0.613329"/>
</kw>
<kw name="Should Be Equal As Integers" owner="BuiltIn">
<msg time="2026-07-25T00:29:06.566735" level="INFO">Argument types are:
&lt;class 'int'&gt;
&lt;class 'str'&gt;</msg>
<arg>${result.rc}</arg>
<arg>0</arg>
<arg>MicroVMImage CRD missing</arg>
<doc>Fails if objects are unequal after converting them to integers.</doc>
<status status="PASS" start="2026-07-25T00:29:06.566120" elapsed="0.000657"/>
</kw>
<kw name="Run Process" owner="Process">
<msg time="2026-07-25T00:29:06.567020" level="INFO">Starting process:
kubectl get crd microvmclasses.lambda.aws.amazon.com</msg>
<msg time="2026-07-25T00:29:06.567430" level="INFO">Waiting for process to complete.</msg>
<msg time="2026-07-25T00:29:07.190463" level="INFO">Process completed.</msg>
<msg time="2026-07-25T00:29:07.190648" level="INFO">${result} = &lt;result object with rc 0&gt;</msg>
<var>${result}</var>
<arg>kubectl</arg>
<arg>get</arg>
<arg>crd</arg>
<arg>microvmclasses.lambda.aws.amazon.com</arg>
<doc>Runs a process and waits for it to complete.</doc>
<status status="PASS" start="2026-07-25T00:29:06.566854" elapsed="0.623814"/>
</kw>
<kw name="Should Be Equal As Integers" owner="BuiltIn">
<msg time="2026-07-25T00:29:07.191467" level="INFO">Argument types are:
&lt;class 'int'&gt;
&lt;class 'str'&gt;</msg>
<arg>${result.rc}</arg>
<arg>0</arg>
<arg>MicroVMClass CRD missing</arg>
<doc>Fails if objects are unequal after converting them to integers.</doc>
<status status="PASS" start="2026-07-25T00:29:07.190855" elapsed="0.000654"/>
</kw>
<status status="PASS" start="2026-07-25T00:29:05.332933" elapsed="1.858625"/>
</kw>
<tag>critical</tag>
<tag>setup</tag>
<tag>smoke</tag>
<status status="PASS" start="2026-07-25T00:29:05.332661" elapsed="1.858980"/>
</test>
<test id="s1-s1-t3" name="Namespace Is Labelled For MicroVMs" line="18">
<kw name="Verify Namespace Labelled" owner="cluster_setup">
<kw name="Run Process" owner="Process">
<msg time="2026-07-25T00:29:07.192504" level="INFO">Starting process:
kubectl get namespace default -o jsonpath={.metadata.labels.lambda\.aws\.amazon\.com/manage-microvms}</msg>
<msg time="2026-07-25T00:29:07.192905" level="INFO">Waiting for process to complete.</msg>
<msg time="2026-07-25T00:29:07.813928" level="INFO">Process completed.</msg>
<msg time="2026-07-25T00:29:07.814114" level="INFO">${result} = &lt;result object with rc 0&gt;</msg>
<var>${result}</var>
<arg>kubectl</arg>
<arg>get</arg>
<arg>namespace</arg>
<arg>${NAMESPACE}</arg>
<arg>-o</arg>
<arg>jsonpath\={.metadata.labels.lambda\\.aws\\.amazon\\.com/manage-microvms}</arg>
<doc>Runs a process and waits for it to complete.</doc>
<status status="PASS" start="2026-07-25T00:29:07.192264" elapsed="0.621870"/>
</kw>
<if>
<branch type="IF" condition="&quot;${result.stdout}&quot; != &quot;true&quot;">
<kw name="Run Process" owner="Process">
<arg>kubectl</arg>
<arg>label</arg>
<arg>namespace</arg>
<arg>${NAMESPACE}</arg>
<arg>lambda.aws.amazon.com/manage-microvms\=true</arg>
<arg>--overwrite</arg>
<doc>Runs a process and waits for it to complete.</doc>
<status status="NOT RUN" start="2026-07-25T00:29:07.814745" elapsed="0.000017"/>
</kw>
<kw name="Log" owner="BuiltIn">
<arg>Labelled namespace ${NAMESPACE} for MicroVM management</arg>
<doc>Logs the given message with the given level.</doc>
<status status="NOT RUN" start="2026-07-25T00:29:07.814834" elapsed="0.000012"/>
</kw>
<status status="NOT RUN" start="2026-07-25T00:29:07.814266" elapsed="0.000595"/>
</branch>
<status status="PASS" start="2026-07-25T00:29:07.814239" elapsed="0.000640"/>
</if>
<kw name="Run Process" owner="Process">
<msg time="2026-07-25T00:29:07.815274" level="INFO">Starting process:
kubectl get namespace default -o jsonpath={.metadata.labels.lambda\.microvm\.auth/inject}</msg>
<msg time="2026-07-25T00:29:07.815677" level="INFO">Waiting for process to complete.</msg>
<msg time="2026-07-25T00:29:08.432342" level="INFO">Process completed.</msg>
<msg time="2026-07-25T00:29:08.432524" level="INFO">${inject} = &lt;result object with rc 0&gt;</msg>
<var>${inject}</var>
<arg>kubectl</arg>
<arg>get</arg>
<arg>namespace</arg>
<arg>${NAMESPACE}</arg>
<arg>-o</arg>
<arg>jsonpath\={.metadata.labels.lambda\\.microvm\\.auth/inject}</arg>
<doc>Runs a process and waits for it to complete.</doc>
<status status="PASS" start="2026-07-25T00:29:07.814931" elapsed="0.617613"/>
</kw>
<if>
<branch type="IF" condition="&quot;${inject.stdout}&quot; != &quot;enabled&quot;">
<kw name="Run Process" owner="Process">
<arg>kubectl</arg>
<arg>label</arg>
<arg>namespace</arg>
<arg>${NAMESPACE}</arg>
<arg>lambda.microvm.auth/inject\=enabled</arg>
<arg>--overwrite</arg>
<doc>Runs a process and waits for it to complete.</doc>
<status status="NOT RUN" start="2026-07-25T00:29:08.433120" elapsed="0.000018"/>
</kw>
<status status="NOT RUN" start="2026-07-25T00:29:08.432662" elapsed="0.000522"/>
</branch>
<status status="PASS" start="2026-07-25T00:29:08.432637" elapsed="0.000566"/>
</if>
<status status="PASS" start="2026-07-25T00:29:07.192100" elapsed="1.241149"/>
</kw>
<tag>setup</tag>
<tag>smoke</tag>
<status status="PASS" start="2026-07-25T00:29:07.191786" elapsed="1.241536"/>
</test>
<test id="s1-s1-t4" name="S3 Test Fixtures Are Uploaded" line="21">
<kw name="Verify S3 Fixtures Uploaded" owner="cluster_setup">
<kw name="Run Process" owner="Process">
<msg time="2026-07-25T00:29:08.434155" level="INFO">Starting process:
aws s3 ls s3://kube-microvm-test-864899852480-us-east-1/test-fixtures/microvm-hello-node.zip</msg>
<msg time="2026-07-25T00:29:08.434659" level="INFO">Waiting for process to complete.</msg>
<msg time="2026-07-25T00:29:09.077695" level="INFO">Process completed.</msg>
<msg time="2026-07-25T00:29:09.077881" level="INFO">${result} = &lt;result object with rc 0&gt;</msg>
<var>${result}</var>
<arg>aws</arg>
<arg>s3</arg>
<arg>ls</arg>
<arg>s3://${S3_BUCKET}/test-fixtures/microvm-hello-node.zip</arg>
<doc>Runs a process and waits for it to complete.</doc>
<status status="PASS" start="2026-07-25T00:29:08.433897" elapsed="0.644004"/>
</kw>
<if>
<branch type="IF" condition="${result.rc} != 0">
<kw name="Log" owner="BuiltIn">
<arg>Uploading test fixtures to S3...</arg>
<doc>Logs the given message with the given level.</doc>
<status status="NOT RUN" start="2026-07-25T00:29:09.078551" elapsed="0.000017"/>
</kw>
<kw name="Upload Test Fixtures" owner="cluster_setup">
<status status="NOT RUN" start="2026-07-25T00:29:09.078695" elapsed="0.000023"/>
</kw>
<status status="NOT RUN" start="2026-07-25T00:29:09.078014" elapsed="0.000767"/>
</branch>
<status status="PASS" start="2026-07-25T00:29:09.077988" elapsed="0.000812"/>
</if>
<status status="PASS" start="2026-07-25T00:29:08.433747" elapsed="0.645095"/>
</kw>
<tag>setup</tag>
<tag>smoke</tag>
<status status="PASS" start="2026-07-25T00:29:08.433456" elapsed="0.645453"/>
</test>
<test id="s1-s1-t5" name="Operator Can Reach AWS API" line="24">
<kw name="Run Process" owner="Process">
<msg time="2026-07-25T00:29:09.079655" level="INFO">Starting process:
kubectl logs -n kube-microvm deploy/kube-microvm-operator --tail=5</msg>
<msg time="2026-07-25T00:29:09.080260" level="INFO">Waiting for process to complete.</msg>
<msg time="2026-07-25T00:29:09.735147" level="INFO">Process completed.</msg>
<msg time="2026-07-25T00:29:09.735351" level="INFO">${result} = &lt;result object with rc 0&gt;</msg>
<var>${result}</var>
<arg>kubectl</arg>
<arg>logs</arg>
<arg>-n</arg>
<arg>${OPERATOR_NS}</arg>
<arg>deploy/kube-microvm-operator</arg>
<arg>--tail\=5</arg>
<doc>Runs a process and waits for it to complete.</doc>
<status status="PASS" start="2026-07-25T00:29:09.079350" elapsed="0.656022"/>
</kw>
<kw name="Should Not Contain" owner="BuiltIn">
<arg>${result.stdout}</arg>
<arg>UnknownHostException</arg>
<doc>Fails if ``container`` contains ``item`` one or more times.</doc>
<status status="PASS" start="2026-07-25T00:29:09.735553" elapsed="0.000758"/>
</kw>
<kw name="Should Not Contain" owner="BuiltIn">
<arg>${result.stdout}</arg>
<arg>connection timed out</arg>
<doc>Fails if ``container`` contains ``item`` one or more times.</doc>
<status status="PASS" start="2026-07-25T00:29:09.736389" elapsed="0.000361"/>
</kw>
<kw name="Should Not Contain" owner="BuiltIn">
<arg>${result.stdout}</arg>
<arg>SSLHandshakeException</arg>
<doc>Fails if ``container`` contains ``item`` one or more times.</doc>
<status status="PASS" start="2026-07-25T00:29:09.736816" elapsed="0.000330"/>
</kw>
<doc>Verifies the operator can call the Lambda MicroVMs API
by checking operator logs for successful reconciliation (no connection errors).</doc>
<tag>setup</tag>
<tag>smoke</tag>
<status status="PASS" start="2026-07-25T00:29:09.079037" elapsed="0.658197"/>
</test>
<test id="s1-s1-t6" name="Webhook Endpoints Are Active" line="32">
<kw name="Run Process" owner="Process">
<msg time="2026-07-25T00:29:09.737753" level="INFO">Starting process:
kubectl get validatingwebhookconfiguration kube-microvm-operator-validating</msg>
<msg time="2026-07-25T00:29:09.738149" level="INFO">Waiting for process to complete.</msg>
<msg time="2026-07-25T00:29:10.360393" level="INFO">Process completed.</msg>
<msg time="2026-07-25T00:29:10.360574" level="INFO">${result} = &lt;result object with rc 0&gt;</msg>
<var>${result}</var>
<arg>kubectl</arg>
<arg>get</arg>
<arg>validatingwebhookconfiguration</arg>
<arg>kube-microvm-operator-validating</arg>
<doc>Runs a process and waits for it to complete.</doc>
<status status="PASS" start="2026-07-25T00:29:09.737576" elapsed="0.623019"/>
</kw>
<kw name="Should Be Equal As Integers" owner="BuiltIn">
<msg time="2026-07-25T00:29:10.361388" level="INFO">Argument types are:
&lt;class 'int'&gt;
&lt;class 'str'&gt;</msg>
<arg>${result.rc}</arg>
<arg>0</arg>
<arg>Validating webhook not found</arg>
<doc>Fails if objects are unequal after converting them to integers.</doc>
<status status="PASS" start="2026-07-25T00:29:10.360768" elapsed="0.000664"/>
</kw>
<kw name="Run Process" owner="Process">
<msg time="2026-07-25T00:29:10.361684" level="INFO">Starting process:
kubectl get mutatingwebhookconfiguration kube-microvm-operator-mutating</msg>
<msg time="2026-07-25T00:29:10.362078" level="INFO">Waiting for process to complete.</msg>
<msg time="2026-07-25T00:29:10.976358" level="INFO">Process completed.</msg>
<msg time="2026-07-25T00:29:10.976542" level="INFO">${result} = &lt;result object with rc 0&gt;</msg>
<var>${result}</var>
<arg>kubectl</arg>
<arg>get</arg>
<arg>mutatingwebhookconfiguration</arg>
<arg>kube-microvm-operator-mutating</arg>
<doc>Runs a process and waits for it to complete.</doc>
<status status="PASS" start="2026-07-25T00:29:10.361513" elapsed="0.615049"/>
</kw>
<kw name="Should Be Equal As Integers" owner="BuiltIn">
<msg time="2026-07-25T00:29:10.977340" level="INFO">Argument types are:
&lt;class 'int'&gt;
&lt;class 'str'&gt;</msg>
<arg>${result.rc}</arg>
<arg>0</arg>
<arg>Mutating webhook not found</arg>
<doc>Fails if objects are unequal after converting them to integers.</doc>
<status status="PASS" start="2026-07-25T00:29:10.976735" elapsed="0.000649"/>
</kw>
<tag>setup</tag>
<tag>smoke</tag>
<status status="PASS" start="2026-07-25T00:29:09.737364" elapsed="1.240097"/>
</test>
<test id="s1-s1-t7" name="Pod Identity Association Exists" line="38">
<kw name="Run Process" owner="Process">
<msg time="2026-07-25T00:29:10.978126" level="INFO">Starting process:
aws eks list-pod-identity-associations --cluster-name ecp-us1 --namespace kube-microvm --service-account kube-microvm-operator</msg>
<msg time="2026-07-25T00:29:10.978622" level="INFO">Waiting for process to complete.</msg>
<msg time="2026-07-25T00:29:11.785738" level="INFO">Process completed.</msg>
<msg time="2026-07-25T00:29:11.785920" level="INFO">${result} = &lt;result object with rc 0&gt;</msg>
<var>${result}</var>
<arg>aws</arg>
<arg>eks</arg>
<arg>list-pod-identity-associations</arg>
<arg>--cluster-name</arg>
<arg>ecp-us1</arg>
<arg>--namespace</arg>
<arg>${OPERATOR_NS}</arg>
<arg>--service-account</arg>
<arg>kube-microvm-operator</arg>
<doc>Runs a process and waits for it to complete.</doc>
<status status="PASS" start="2026-07-25T00:29:10.977853" elapsed="0.808087"/>
</kw>
<kw name="Should Contain" owner="BuiltIn">
<arg>${result.stdout}</arg>
<arg>podidentityassociation</arg>
<doc>Fails if ``container`` does not contain ``item`` one or more times.</doc>
<status status="PASS" start="2026-07-25T00:29:11.786116" elapsed="0.000624"/>
</kw>
<doc>Verifies that EKS Pod Identity is configured for the operator SA.</doc>
<tag>setup</tag>
<tag>smoke</tag>
<status status="PASS" start="2026-07-25T00:29:10.977591" elapsed="0.809232"/>
</test>
<doc>Cluster prerequisite validation — run this first to verify your cluster
is ready for UAT. If any test fails, follow the error message to fix.</doc>
<status status="PASS" start="2026-07-25T00:29:04.707689" elapsed="7.079439"/>
</suite>
<suite id="s1-s2" name="01 Quick Start" source="/home/ubuntu/projects/microvm/KubeMicroVM/uat/tests/01_quick_start.robot">
<kw name="Run Keywords" owner="BuiltIn" type="SETUP">
<kw name="Verify Cluster Ready" owner="cluster_setup">
<kw name="Verify Operator Running" owner="cluster_setup">
<kw name="Run Process" owner="Process">
<msg time="2026-07-25T00:29:11.790967" level="INFO">Starting process:
kubectl get deploy kube-microvm-operator -n kube-microvm -o jsonpath={.status.readyReplicas}</msg>
<msg time="2026-07-25T00:29:11.791382" level="INFO">Waiting for process to complete.</msg>
<msg time="2026-07-25T00:29:12.408642" level="INFO">Process completed.</msg>
<msg time="2026-07-25T00:29:12.408829" level="INFO">${result} = &lt;result object with rc 0&gt;</msg>
<var>${result}</var>
<arg>kubectl</arg>
<arg>get</arg>
<arg>deploy</arg>
<arg>kube-microvm-operator</arg>
<arg>-n</arg>
<arg>${OPERATOR_NS}</arg>
<arg>-o</arg>
<arg>jsonpath\={.status.readyReplicas}</arg>
<doc>Runs a process and waits for it to complete.</doc>
<status status="PASS" start="2026-07-25T00:29:11.790735" elapsed="0.618114"/>
</kw>
<kw name="Should Be Equal As Integers" owner="BuiltIn">
<msg time="2026-07-25T00:29:12.409835" level="INFO">Argument types are:
&lt;class 'int'&gt;
&lt;class 'str'&gt;</msg>
<arg>${result.rc}</arg>
<arg>0</arg>
<arg>kubectl failed: ${result.stderr}</arg>
<doc>Fails if objects are unequal after converting them to integers.</doc>
<status status="PASS" start="2026-07-25T00:29:12.409029" elapsed="0.000855"/>
</kw>
<kw name="Should Be Equal" owner="BuiltIn">
<arg>${result.stdout}</arg>
<arg>1</arg>
<arg>Operator not running — install with: helm install kube-microvm-operator oci://ghcr.io/codriverlabs/helm/kube-microvm-operator --version ${CHART_VERSION} --namespace ${OPERATOR_NS} --create-namespace --set app.envs.AWS_REGION=${REGION}</arg>
<doc>Fails if the given objects are unequal.</doc>
<status status="PASS" start="2026-07-25T00:29:12.409969" elapsed="0.000498"/>
</kw>
<status status="PASS" start="2026-07-25T00:29:11.790647" elapsed="0.619926"/>
</kw>
<kw name="Verify CRDs Installed" owner="cluster_setup">
<kw name="Run Process" owner="Process">
<msg time="2026-07-25T00:29:12.410990" level="INFO">Starting process:
kubectl get crd microvms.lambda.aws.amazon.com</msg>
<msg time="2026-07-25T00:29:12.411408" level="INFO">Waiting for process to complete.</msg>
<msg time="2026-07-25T00:29:13.025319" level="INFO">Process completed.</msg>
<msg time="2026-07-25T00:29:13.025503" level="INFO">${result} = &lt;result object with rc 0&gt;</msg>
<var>${result}</var>
<arg>kubectl</arg>
<arg>get</arg>
<arg>crd</arg>
<arg>microvms.lambda.aws.amazon.com</arg>
<doc>Runs a process and waits for it to complete.</doc>
<status status="PASS" start="2026-07-25T00:29:12.410818" elapsed="0.614705"/>
</kw>
<kw name="Should Be Equal As Integers" owner="BuiltIn">
<msg time="2026-07-25T00:29:13.026294" level="INFO">Argument types are:
&lt;class 'int'&gt;
&lt;class 'str'&gt;</msg>
<arg>${result.rc}</arg>
<arg>0</arg>
<arg>CRDs not installed — operator Helm chart should install them</arg>
<doc>Fails if objects are unequal after converting them to integers.</doc>
<status status="PASS" start="2026-07-25T00:29:13.025694" elapsed="0.000643"/>
</kw>
<kw name="Run Process" owner="Process">
<msg time="2026-07-25T00:29:13.026586" level="INFO">Starting process:
kubectl get crd microvmimages.lambda.aws.amazon.com</msg>
<msg time="2026-07-25T00:29:13.026991" level="INFO">Waiting for process to complete.</msg>
<msg time="2026-07-25T00:29:13.638510" level="INFO">Process completed.</msg>
<msg time="2026-07-25T00:29:13.638693" level="INFO">${result} = &lt;result object with rc 0&gt;</msg>
<var>${result}</var>
<arg>kubectl</arg>
<arg>get</arg>
<arg>crd</arg>
<arg>microvmimages.lambda.aws.amazon.com</arg>
<doc>Runs a process and waits for it to complete.</doc>
<status status="PASS" start="2026-07-25T00:29:13.026415" elapsed="0.612304"/>
</kw>
<kw name="Should Be Equal As Integers" owner="BuiltIn">
<msg time="2026-07-25T00:29:13.639556" level="INFO">Argument types are:
&lt;class 'int'&gt;
&lt;class 'str'&gt;</msg>
<arg>${result.rc}</arg>
<arg>0</arg>
<arg>MicroVMImage CRD missing</arg>
<doc>Fails if objects are unequal after converting them to integers.</doc>
<status status="PASS" start="2026-07-25T00:29:13.638889" elapsed="0.000711"/>
</kw>
<kw name="Run Process" owner="Process">
<msg time="2026-07-25T00:29:13.639843" level="INFO">Starting process:
kubectl get crd microvmclasses.lambda.aws.amazon.com</msg>
<msg time="2026-07-25T00:29:13.640253" level="INFO">Waiting for process to complete.</msg>
<msg time="2026-07-25T00:29:14.254796" level="INFO">Process completed.</msg>
<msg time="2026-07-25T00:29:14.254981" level="INFO">${result} = &lt;result object with rc 0&gt;</msg>
<var>${result}</var>
<arg>kubectl</arg>
<arg>get</arg>
<arg>crd</arg>
<arg>microvmclasses.lambda.aws.amazon.com</arg>
<doc>Runs a process and waits for it to complete.</doc>
<status status="PASS" start="2026-07-25T00:29:13.639677" elapsed="0.615323"/>
</kw>
<kw name="Should Be Equal As Integers" owner="BuiltIn">
<msg time="2026-07-25T00:29:14.255778" level="INFO">Argument types are:
&lt;class 'int'&gt;
&lt;class 'str'&gt;</msg>
<arg>${result.rc}</arg>
<arg>0</arg>
<arg>MicroVMClass CRD missing</arg>
<doc>Fails if objects are unequal after converting them to integers.</doc>
<status status="PASS" start="2026-07-25T00:29:14.255189" elapsed="0.000632"/>
</kw>
<status status="PASS" start="2026-07-25T00:29:12.410694" elapsed="1.845177"/>
</kw>
<kw name="Verify Namespace Labelled" owner="cluster_setup">
<kw name="Run Process" owner="Process">
<msg time="2026-07-25T00:29:14.256419" level="INFO">Starting process:
kubectl get namespace default -o jsonpath={.metadata.labels.lambda\.aws\.amazon\.com/manage-microvms}</msg>
<msg time="2026-07-25T00:29:14.256838" level="INFO">Waiting for process to complete.</msg>
<msg time="2026-07-25T00:29:14.869730" level="INFO">Process completed.</msg>
<msg time="2026-07-25T00:29:14.869914" level="INFO">${result} = &lt;result object with rc 0&gt;</msg>
<var>${result}</var>
<arg>kubectl</arg>
<arg>get</arg>
<arg>namespace</arg>
<arg>${NAMESPACE}</arg>
<arg>-o</arg>
<arg>jsonpath\={.metadata.labels.lambda\\.aws\\.amazon\\.com/manage-microvms}</arg>
<doc>Runs a process and waits for it to complete.</doc>
<status status="PASS" start="2026-07-25T00:29:14.256181" elapsed="0.613753"/>
</kw>
<if>
<branch type="IF" condition="&quot;${result.stdout}&quot; != &quot;true&quot;">
<kw name="Run Process" owner="Process">
<arg>kubectl</arg>
<arg>label</arg>
<arg>namespace</arg>
<arg>${NAMESPACE}</arg>
<arg>lambda.aws.amazon.com/manage-microvms\=true</arg>
<arg>--overwrite</arg>
<doc>Runs a process and waits for it to complete.</doc>
<status status="NOT RUN" start="2026-07-25T00:29:14.870594" elapsed="0.000018"/>
</kw>
<kw name="Log" owner="BuiltIn">
<arg>Labelled namespace ${NAMESPACE} for MicroVM management</arg>
<doc>Logs the given message with the given level.</doc>
<status status="NOT RUN" start="2026-07-25T00:29:14.870678" elapsed="0.000010"/>
</kw>
<status status="NOT RUN" start="2026-07-25T00:29:14.870054" elapsed="0.000649"/>
</branch>
<status status="PASS" start="2026-07-25T00:29:14.870027" elapsed="0.000702"/>
</if>
<kw name="Run Process" owner="Process">
<msg time="2026-07-25T00:29:14.871108" level="INFO">Starting process:
kubectl get namespace default -o jsonpath={.metadata.labels.lambda\.microvm\.auth/inject}</msg>
<msg time="2026-07-25T00:29:14.871522" level="INFO">Waiting for process to complete.</msg>
<msg time="2026-07-25T00:29:15.486616" level="INFO">Process completed.</msg>
<msg time="2026-07-25T00:29:15.486805" level="INFO">${inject} = &lt;result object with rc 0&gt;</msg>
<var>${inject}</var>
<arg>kubectl</arg>
<arg>get</arg>
<arg>namespace</arg>
<arg>${NAMESPACE}</arg>
<arg>-o</arg>
<arg>jsonpath\={.metadata.labels.lambda\\.microvm\\.auth/inject}</arg>
<doc>Runs a process and waits for it to complete.</doc>
<status status="PASS" start="2026-07-25T00:29:14.870782" elapsed="0.616044"/>
</kw>
<if>
<branch type="IF" condition="&quot;${inject.stdout}&quot; != &quot;enabled&quot;">
<kw name="Run Process" owner="Process">
<arg>kubectl</arg>
<arg>label</arg>
<arg>namespace</arg>
<arg>${NAMESPACE}</arg>
<arg>lambda.microvm.auth/inject\=enabled</arg>
<arg>--overwrite</arg>
<doc>Runs a process and waits for it to complete.</doc>
<status status="NOT RUN" start="2026-07-25T00:29:15.487439" elapsed="0.000018"/>
</kw>
<status status="NOT RUN" start="2026-07-25T00:29:15.486947" elapsed="0.000535"/>
</branch>
<status status="PASS" start="2026-07-25T00:29:15.486921" elapsed="0.000579"/>
</if>
<status status="PASS" start="2026-07-25T00:29:14.256045" elapsed="1.231500"/>
</kw>
<kw name="Verify S3 Fixtures Uploaded" owner="cluster_setup">
<kw name="Run Process" owner="Process">
<msg time="2026-07-25T00:29:15.488081" level="INFO">Starting process:
aws s3 ls s3://kube-microvm-test-864899852480-us-east-1/test-fixtures/microvm-hello-node.zip</msg>
<msg time="2026-07-25T00:29:15.488580" level="INFO">Waiting for process to complete.</msg>
<msg time="2026-07-25T00:29:16.136294" level="INFO">Process completed.</msg>
<msg time="2026-07-25T00:29:16.136478" level="INFO">${result} = &lt;result object with rc 0&gt;</msg>
<var>${result}</var>
<arg>aws</arg>
<arg>s3</arg>
<arg>ls</arg>
<arg>s3://${S3_BUCKET}/test-fixtures/microvm-hello-node.zip</arg>
<doc>Runs a process and waits for it to complete.</doc>
<status status="PASS" start="2026-07-25T00:29:15.487819" elapsed="0.648679"/>
</kw>
<if>
<branch type="IF" condition="${result.rc} != 0">
<kw name="Log" owner="BuiltIn">
<arg>Uploading test fixtures to S3...</arg>
<doc>Logs the given message with the given level.</doc>
<status status="NOT RUN" start="2026-07-25T00:29:16.137111" elapsed="0.000017"/>
</kw>
<kw name="Upload Test Fixtures" owner="cluster_setup">
<status status="NOT RUN" start="2026-07-25T00:29:16.137275" elapsed="0.000016"/>
</kw>
<status status="NOT RUN" start="2026-07-25T00:29:16.136616" elapsed="0.000689"/>
</branch>
<status status="PASS" start="2026-07-25T00:29:16.136591" elapsed="0.000783"/>
</if>
<status status="PASS" start="2026-07-25T00:29:15.487692" elapsed="0.649723"/>
</kw>
<doc>Validates that the cluster has operator running, CRDs installed,
namespace labelled, and S3 test fixtures uploaded. Fails fast if not ready.</doc>
<status status="PASS" start="2026-07-25T00:29:11.790386" elapsed="4.347054"/>
</kw>
<kw name="Create Quick Start Resources">
<kw name="Evaluate" owner="BuiltIn">
<msg time="2026-07-25T00:29:16.137921" level="INFO">${id} = 002916</msg>
<var>${id}</var>
<arg>__import__('time').strftime('%H%M%S')</arg>
<doc>Evaluates the given expression in Python and returns the result.</doc>
<status status="PASS" start="2026-07-25T00:29:16.137655" elapsed="0.000281"/>
</kw>
<kw name="Set Suite Variable" owner="BuiltIn">
<msg time="2026-07-25T00:29:16.138223" level="INFO">${RUN_ID} = 002916</msg>
<arg>${RUN_ID}</arg>
<arg>${id}</arg>
<doc>Makes a variable available everywhere within the scope of the current suite.</doc>
<status status="PASS" start="2026-07-25T00:29:16.138009" elapsed="0.000238"/>
</kw>
<kw name="Set Suite Variable" owner="BuiltIn">
<msg time="2026-07-25T00:29:16.138464" level="INFO">${QS_VM} = qs-vm-002916</msg>
<arg>${QS_VM}</arg>
<arg>qs-vm-${id}</arg>
<doc>Makes a variable available everywhere within the scope of the current suite.</doc>
<status status="PASS" start="2026-07-25T00:29:16.138310" elapsed="0.000173"/>
</kw>
<kw name="Ensure Shared Image Ready" owner="cluster_setup">
<kw name="Run Process" owner="Process">
<msg time="2026-07-25T00:29:16.139097" level="INFO">Starting process:
kubectl get microvmimage uat-shared-app -n default</msg>
<msg time="2026-07-25T00:29:16.139518" level="INFO">Waiting for process to complete.</msg>
<msg time="2026-07-25T00:29:16.755965" level="INFO">Process completed.</msg>
<msg time="2026-07-25T00:29:16.756152" level="INFO">${result} = &lt;result object with rc 1&gt;</msg>
<var>${result}</var>
<arg>kubectl</arg>
<arg>get</arg>
<arg>microvmimage</arg>
<arg>${SHARED_IMAGE}</arg>
<arg>-n</arg>
<arg>${NAMESPACE}</arg>
<doc>Runs a process and waits for it to complete.</doc>
<status status="PASS" start="2026-07-25T00:29:16.138739" elapsed="0.617447"/>
</kw>
<if>
<branch type="IF" condition="${result.rc} == 0">
<kw name="Run Process" owner="Process">
<var>${state}</var>
<arg>kubectl</arg>
<arg>get</arg>
<arg>microvmimage</arg>
<arg>${SHARED_IMAGE}</arg>
<arg>-n</arg>
<arg>${NAMESPACE}</arg>
<arg>-o</arg>
<arg>jsonpath\={.status.imageState}</arg>
<doc>Runs a process and waits for it to complete.</doc>
<status status="NOT RUN" start="2026-07-25T00:29:16.756830" elapsed="0.000017"/>
</kw>
<if>
<branch type="IF" condition="&quot;${state.stdout}&quot; == &quot;CREATED&quot;">
<kw name="Log" owner="BuiltIn">
<arg>Shared image ${SHARED_IMAGE} already built</arg>
<doc>Logs the given message with the given level.</doc>
<status status="NOT RUN" start="2026-07-25T00:29:16.756953" elapsed="0.000009"/>
</kw>
<return>
<status status="NOT RUN" start="2026-07-25T00:29:16.756994" elapsed="0.000020"/>
</return>
<status status="NOT RUN" start="2026-07-25T00:29:16.756895" elapsed="0.000138"/>
</branch>
<status status="NOT RUN" start="2026-07-25T00:29:16.756886" elapsed="0.000159"/>
</if>
<kw name="Wait For Image Ready" owner="common">
<arg>${SHARED_IMAGE}</arg>
<status status="NOT RUN" start="2026-07-25T00:29:16.757251" elapsed="0.000016"/>
</kw>
<status status="NOT RUN" start="2026-07-25T00:29:16.756310" elapsed="0.000973"/>
</branch>
<branch type="ELSE">
<kw name="Log" owner="BuiltIn">
<msg time="2026-07-25T00:29:16.757580" level="INFO">Creating shared image uat-shared-app...</msg>
<arg>Creating shared image ${SHARED_IMAGE}...</arg>
<doc>Logs the given message with the given level.</doc>
<status status="PASS" start="2026-07-25T00:29:16.757352" elapsed="0.000254"/>
</kw>
<kw name="Set Suite Variable" owner="BuiltIn">
<msg time="2026-07-25T00:29:16.758142" level="INFO">${NAME} = uat-shared-app</msg>
<arg>${NAME}</arg>
<arg>${SHARED_IMAGE}</arg>
<doc>Makes a variable available everywhere within the scope of the current suite.</doc>
<status status="PASS" start="2026-07-25T00:29:16.757680" elapsed="0.000523"/>
</kw>
<kw name="Apply Template" owner="common">
<kw name="Get File" owner="OperatingSystem">
<msg time="2026-07-25T00:29:16.758524" level="INFO" html="true">Getting file '&lt;a href="file:///home/ubuntu/projects/microvm/KubeMicroVM/uat/templates/shared/microvm-image.yaml"&gt;/home/ubuntu/projects/microvm/KubeMicroVM/uat/templates/shared/microvm-image.yaml&lt;/a&gt;'.</msg>
<msg time="2026-07-25T00:29:16.759151" level="INFO">${content} = apiVersion: lambda.aws.amazon.com/v1alpha1
kind: MicroVMImage
metadata:
  name: ${NAME}
  namespace: ${NAMESPACE}
spec:
  source:
    s3Bucket: ${S3_BUCKET}
    s3Key: ${S3_KEY}
  baseImageArn: "${BAS...</msg>
<var>${content}</var>
<arg>${TEMPLATES}/${template_path}</arg>
<doc>Returns the contents of a specified file.</doc>
<status status="PASS" start="2026-07-25T00:29:16.758424" elapsed="0.000758"/>
</kw>
<kw name="Replace Variables" owner="BuiltIn">
<msg time="2026-07-25T00:29:16.759472" level="INFO">${resolved} = apiVersion: lambda.aws.amazon.com/v1alpha1
kind: MicroVMImage
metadata:
  name: uat-shared-app
  namespace: default
spec:
  source:
    s3Bucket: kube-microvm-test-864899852480-us-east-1
    s3Key: te...</msg>
<var>${resolved}</var>
<arg>${content}</arg>
<doc>Replaces variables in the given text with their current values.</doc>
<status status="PASS" start="2026-07-25T00:29:16.759247" elapsed="0.000239"/>
</kw>
<kw name="Kubectl Apply" owner="common">
<kw name="Set Variable" owner="BuiltIn">
<msg time="2026-07-25T00:29:16.759809" level="INFO">${tmpfile} = /tmp/robot-kubectl-apply.yaml</msg>
<var>${tmpfile}</var>
<arg>/tmp/robot-kubectl-apply.yaml</arg>
<doc>Returns the given values which can then be assigned to a variables.</doc>
<status status="PASS" start="2026-07-25T00:29:16.759690" elapsed="0.000131"/>
</kw>
<kw name="Create File" owner="OperatingSystem">
<msg time="2026-07-25T00:29:16.760058" level="INFO" html="true">Created file '&lt;a href="file:///tmp/robot-kubectl-apply.yaml"&gt;/tmp/robot-kubectl-apply.yaml&lt;/a&gt;'.</msg>
<arg>${tmpfile}</arg>
<arg>${yaml}</arg>
<doc>Creates a file with the given content and encoding.</doc>
<status status="PASS" start="2026-07-25T00:29:16.759873" elapsed="0.000218"/>
</kw>
<kw name="Run Process" owner="Process">
<msg time="2026-07-25T00:29:16.760357" level="INFO">Starting process:
kubectl apply -f /tmp/robot-kubectl-apply.yaml</msg>
<msg time="2026-07-25T00:29:16.760742" level="INFO">Waiting for process to complete.</msg>
<msg time="2026-07-25T00:29:17.452538" level="INFO">Process completed.</msg>
<msg time="2026-07-25T00:29:17.452732" level="INFO">${result} = &lt;result object with rc 0&gt;</msg>
<var>${result}</var>
<arg>kubectl</arg>
<arg>apply</arg>
<arg>-f</arg>
<arg>${tmpfile}</arg>
<doc>Runs a process and waits for it to complete.</doc>
<status status="PASS" start="2026-07-25T00:29:16.760183" elapsed="0.692570"/>
</kw>
<kw name="Remove File" owner="OperatingSystem">
<msg time="2026-07-25T00:29:17.453197" level="INFO" html="true">Removed file '&lt;a href="file:///tmp/robot-kubectl-apply.yaml"&gt;/tmp/robot-kubectl-apply.yaml&lt;/a&gt;'.</msg>
<arg>${tmpfile}</arg>
<doc>Removes a file with the given path.</doc>
<status status="PASS" start="2026-07-25T00:29:17.452936" elapsed="0.000298"/>
</kw>
<kw name="Should Be Equal As Integers" owner="BuiltIn">
<msg time="2026-07-25T00:29:17.454033" level="INFO">Argument types are:
&lt;class 'int'&gt;
&lt;class 'str'&gt;</msg>
<arg>${result.rc}</arg>
<arg>0</arg>
<arg>kubectl apply failed: ${result.stderr}</arg>
<doc>Fails if objects are unequal after converting them to integers.</doc>
<status status="PASS" start="2026-07-25T00:29:17.453311" elapsed="0.000766"/>
</kw>
<return>
<value>${result.stdout}</value>
<status status="PASS" start="2026-07-25T00:29:17.454117" elapsed="0.000059"/>
</return>
<arg>${resolved}</arg>
<status status="PASS" start="2026-07-25T00:29:16.759577" elapsed="0.694855"/>
</kw>
<arg>shared/microvm-image.yaml</arg>
<doc>Reads a YAML template file, resolves Robot Framework variables, and applies via kubectl.
Variables must be set via Set Suite Variable or Set Test Variable before calling.</doc>
<status status="PASS" start="2026-07-25T00:29:16.758296" elapsed="0.696169"/>
</kw>
<kw name="Wait For Image Ready" owner="common">
<for flavor="IN RANGE">
<iter>
<kw name="Kubectl Get JsonPath" owner="common">
<kw name="Run Process" owner="Process">
<msg time="2026-07-25T00:29:17.455795" level="INFO">Starting process:
kubectl get microvmimage uat-shared-app -n default -o jsonpath={.status.imageState}</msg>
<msg time="2026-07-25T00:29:17.456210" level="INFO">Waiting for process to complete.</msg>
<msg time="2026-07-25T00:29:18.099398" level="INFO">Process completed.</msg>
<msg time="2026-07-25T00:29:18.099579" level="INFO">${result} = &lt;result object with rc 0&gt;</msg>
<var>${result}</var>
<arg>kubectl</arg>
<arg>get</arg>
<arg>${resource}</arg>
<arg>${name}</arg>
<arg>-n</arg>
<arg>${namespace}</arg>
<arg>-o</arg>
<arg>jsonpath\=${jsonpath}</arg>
<doc>Runs a process and waits for it to complete.</doc>
<status status="PASS" start="2026-07-25T00:29:17.455528" elapsed="0.644071"/>
</kw>
<return>
<value>${result.stdout}</value>
<status status="PASS" start="2026-07-25T00:29:18.099681" elapsed="0.000055"/>
</return>
<msg time="2026-07-25T00:29:18.100130" level="INFO">${state} = CREATING</msg>
<var>${state}</var>
<arg>microvmimage</arg>
<arg>${name}</arg>
<arg>{.status.imageState}</arg>
<arg>${namespace}</arg>
<status status="PASS" start="2026-07-25T00:29:17.455354" elapsed="0.644792"/>
</kw>
<kw name="Kubectl Get JsonPath" owner="common">
<kw name="Run Process" owner="Process">
<msg time="2026-07-25T00:29:18.100932" level="INFO">Starting process:
kubectl get microvmimage uat-shared-app -n default -o jsonpath={.status.latestVersionState}</msg>
<msg time="2026-07-25T00:29:18.101364" level="INFO">Waiting for process to complete.</msg>
<msg time="2026-07-25T00:29:18.717612" level="INFO">Process completed.</msg>
<msg time="2026-07-25T00:29:18.717797" level="INFO">${result} = &lt;result object with rc 0&gt;</msg>
<var>${result}</var>
<arg>kubectl</arg>
<arg>get</arg>
<arg>${resource}</arg>
<arg>${name}</arg>
<arg>-n</arg>
<arg>${namespace}</arg>
<arg>-o</arg>
<arg>jsonpath\=${jsonpath}</arg>
<doc>Runs a process and waits for it to complete.</doc>
<status status="PASS" start="2026-07-25T00:29:18.100607" elapsed="0.617210"/>
</kw>
<return>
<value>${result.stdout}</value>
<status status="PASS" start="2026-07-25T00:29:18.717893" elapsed="0.000047"/>
</return>
<msg time="2026-07-25T00:29:18.718341" level="INFO">${vstate} = PENDING</msg>
<var>${vstate}</var>
<arg>microvmimage</arg>
<arg>${name}</arg>
<arg>{.status.latestVersionState}</arg>
<arg>${namespace}</arg>
<status status="PASS" start="2026-07-25T00:29:18.100348" elapsed="0.618008"/>
</kw>
<if>
<branch type="IF" condition="&quot;${state}&quot; == &quot;CREATED&quot; and &quot;${vstate}&quot; == &quot;SUCCESSFUL&quot;">
<return>
<status status="NOT RUN" start="2026-07-25T00:29:18.718549" elapsed="0.000009"/>
</return>
<status status="NOT RUN" start="2026-07-25T00:29:18.718430" elapsed="0.000143"/>
</branch>
<status status="PASS" start="2026-07-25T00:29:18.718413" elapsed="0.000172"/>
</if>
<kw name="Sleep" owner="BuiltIn">
<msg time="2026-07-25T00:29:28.720184" level="INFO">Slept 10 seconds.</msg>
<arg>10s</arg>
<doc>Pauses the test executed for the given time.</doc>
<status status="PASS" start="2026-07-25T00:29:18.718691" elapsed="10.001617"/>
</kw>
<var name="${i}">0</var>
<status status="PASS" start="2026-07-25T00:29:17.455274" elapsed="11.265087"/>
</iter>
<iter>
<kw name="Kubectl Get JsonPath" owner="common">
<kw name="Run Process" owner="Process">
<msg time="2026-07-25T00:29:28.721417" level="INFO">Starting process:
kubectl get microvmimage uat-shared-app -n default -o jsonpath={.status.imageState}</msg>
<msg time="2026-07-25T00:29:28.723268" level="INFO">Waiting for process to complete.</msg>
<msg time="2026-07-25T00:29:29.471959" level="INFO">Process completed.</msg>
<msg time="2026-07-25T00:29:29.472150" level="INFO">${result} = &lt;result object with rc 0&gt;</msg>
<var>${result}</var>
<arg>kubectl</arg>
<arg>get</arg>
<arg>${resource}</arg>
<arg>${name}</arg>
<arg>-n</arg>
<arg>${namespace}</arg>
<arg>-o</arg>
<arg>jsonpath\=${jsonpath}</arg>
<doc>Runs a process and waits for it to complete.</doc>
<status status="PASS" start="2026-07-25T00:29:28.721044" elapsed="0.751147"/>
</kw>
<return>
<value>${result.stdout}</value>
<status status="PASS" start="2026-07-25T00:29:29.472276" elapsed="0.000048"/>
</return>
<msg time="2026-07-25T00:29:29.472789" level="INFO">${state} = CREATING</msg>
<var>${state}</var>
<arg>microvmimage</arg>
<arg>${name}</arg>
<arg>{.status.imageState}</arg>
<arg>${namespace}</arg>
<status status="PASS" start="2026-07-25T00:29:28.720751" elapsed="0.752056"/>
</kw>
<kw name="Kubectl Get JsonPath" owner="common">
<kw name="Run Process" owner="Process">
<msg time="2026-07-25T00:29:29.473611" level="INFO">Starting process:
kubectl get microvmimage uat-shared-app -n default -o jsonpath={.status.latestVersionState}</msg>
<msg time="2026-07-25T00:29:29.474032" level="INFO">Waiting for process to complete.</msg>
<msg time="2026-07-25T00:29:30.180867" level="INFO">Process completed.</msg>
<msg time="2026-07-25T00:29:30.181050" level="INFO">${result} = &lt;result object with rc 0&gt;</msg>
<var>${result}</var>
<arg>kubectl</arg>
<arg>get</arg>
<arg>${resource}</arg>
<arg>${name}</arg>
<arg>-n</arg>
<arg>${namespace}</arg>
<arg>-o</arg>
<arg>jsonpath\=${jsonpath}</arg>
<doc>Runs a process and waits for it to complete.</doc>
<status status="PASS" start="2026-07-25T00:29:29.473271" elapsed="0.707800"/>
</kw>
<return>
<value>${result.stdout}</value>
<status status="PASS" start="2026-07-25T00:29:30.181149" elapsed="0.000066"/>
</return>
<msg time="2026-07-25T00:29:30.181613" level="INFO">${vstate} = PENDING</msg>
<var>${vstate}</var>
<arg>microvmimage</arg>
<arg>${name}</arg>
<arg>{.status.latestVersionState}</arg>
<arg>${namespace}</arg>
<status status="PASS" start="2026-07-25T00:29:29.472989" elapsed="0.708640"/>
</kw>
<if>
<branch type="IF" condition="&quot;${state}&quot; == &quot;CREATED&quot; and &quot;${vstate}&quot; == &quot;SUCCESSFUL&quot;">
<return>
<status status="NOT RUN" start="2026-07-25T00:29:30.181811" elapsed="0.000008"/>
</return>
<status status="NOT RUN" start="2026-07-25T00:29:30.181703" elapsed="0.000131"/>
</branch>
<status status="PASS" start="2026-07-25T00:29:30.181685" elapsed="0.000161"/>
</if>
<kw name="Sleep" owner="BuiltIn">
<msg time="2026-07-25T00:29:40.182367" level="INFO">Slept 10 seconds.</msg>
<arg>10s</arg>
<doc>Pauses the test executed for the given time.</doc>
<status status="PASS" start="2026-07-25T00:29:30.181951" elapsed="10.000538"/>
</kw>
<var name="${i}">1</var>
<status status="PASS" start="2026-07-25T00:29:28.720581" elapsed="11.461961"/>
</iter>
<iter>
<kw name="Kubectl Get JsonPath" owner="common">
<kw name="Run Process" owner="Process">
<msg time="2026-07-25T00:29:40.183635" level="INFO">Starting process:
kubectl get microvmimage uat-shared-app -n default -o jsonpath={.status.imageState}</msg>
<msg time="2026-07-25T00:29:40.184103" level="INFO">Waiting for process to complete.</msg>
<msg time="2026-07-25T00:29:40.855940" level="INFO">Process completed.</msg>
<msg time="2026-07-25T00:29:40.856135" level="INFO">${result} = &lt;result object with rc 0&gt;</msg>
<var>${result}</var>
<arg>kubectl</arg>
<arg>get</arg>
<arg>${resource}</arg>
<arg>${name}</arg>
<arg>-n</arg>
<arg>${namespace}</arg>
<arg>-o</arg>
<arg>jsonpath\=${jsonpath}</arg>
<doc>Runs a process and waits for it to complete.</doc>
<status status="PASS" start="2026-07-25T00:29:40.183255" elapsed="0.672900"/>
</kw>
<return>
<value>${result.stdout}</value>
<status status="PASS" start="2026-07-25T00:29:40.856250" elapsed="0.000050"/>
</return>
<msg time="2026-07-25T00:29:40.856701" level="INFO">${state} = CREATING</msg>
<var>${state}</var>
<arg>microvmimage</arg>
<arg>${name}</arg>
<arg>{.status.imageState}</arg>
<arg>${namespace}</arg>
<status status="PASS" start="2026-07-25T00:29:40.182922" elapsed="0.673795"/>
</kw>
<kw name="Kubectl Get JsonPath" owner="common">
<kw name="Run Process" owner="Process">
<msg time="2026-07-25T00:29:40.857519" level="INFO">Starting process:
kubectl get microvmimage uat-shared-app -n default -o jsonpath={.status.latestVersionState}</msg>
<msg time="2026-07-25T00:29:40.857985" level="INFO">Waiting for process to complete.</msg>
<msg time="2026-07-25T00:29:41.478947" level="INFO">Process completed.</msg>
<msg time="2026-07-25T00:29:41.479138" level="INFO">${result} = &lt;result object with rc 0&gt;</msg>
<var>${result}</var>
<arg>kubectl</arg>
<arg>get</arg>
<arg>${resource}</arg>
<arg>${name}</arg>
<arg>-n</arg>
<arg>${namespace}</arg>
<arg>-o</arg>
<arg>jsonpath\=${jsonpath}</arg>
<doc>Runs a process and waits for it to complete.</doc>
<status status="PASS" start="2026-07-25T00:29:40.857180" elapsed="0.621992"/>
</kw>
<return>
<value>${result.stdout}</value>
<status status="PASS" start="2026-07-25T00:29:41.479252" elapsed="0.000047"/>
</return>
<msg time="2026-07-25T00:29:41.479706" level="INFO">${vstate} = IN_PROGRESS</msg>
<var>${vstate}</var>
<arg>microvmimage</arg>
<arg>${name}</arg>
<arg>{.status.latestVersionState}</arg>
<arg>${namespace}</arg>
<status status="PASS" start="2026-07-25T00:29:40.856898" elapsed="0.622824"/>
</kw>
<if>
<branch type="IF" condition="&quot;${state}&quot; == &quot;CREATED&quot; and &quot;${vstate}&quot; == &quot;SUCCESSFUL&quot;">
<return>
<status status="NOT RUN" start="2026-07-25T00:29:41.479903" elapsed="0.000009"/>
</return>
<status status="NOT RUN" start="2026-07-25T00:29:41.479797" elapsed="0.000129"/>
</branch>
<status status="PASS" start="2026-07-25T00:29:41.479779" elapsed="0.000160"/>
</if>
<kw name="Sleep" owner="BuiltIn">
<msg time="2026-07-25T00:29:51.480450" level="INFO">Slept 10 seconds.</msg>
<arg>10s</arg>
<doc>Pauses the test executed for the given time.</doc>
<status status="PASS" start="2026-07-25T00:29:41.480047" elapsed="10.000538"/>
</kw>
<var name="${i}">2</var>
<status status="PASS" start="2026-07-25T00:29:40.182756" elapsed="11.297886"/>
</iter>
<iter>
<kw name="Kubectl Get JsonPath" owner="common">
<kw name="Run Process" owner="Process">
<msg time="2026-07-25T00:29:51.481709" level="INFO">Starting process:
kubectl get microvmimage uat-shared-app -n default -o jsonpath={.status.imageState}</msg>
<msg time="2026-07-25T00:29:51.482222" level="INFO">Waiting for process to complete.</msg>
<msg time="2026-07-25T00:29:52.105265" level="INFO">Process completed.</msg>
<msg time="2026-07-25T00:29:52.105460" level="INFO">${result} = &lt;result object with rc 0&gt;</msg>
<var>${result}</var>
<arg>kubectl</arg>
<arg>get</arg>
<arg>${resource}</arg>
<arg>${name}</arg>
<arg>-n</arg>
<arg>${namespace}</arg>
<arg>-o</arg>
<arg>jsonpath\=${jsonpath}</arg>
<doc>Runs a process and waits for it to complete.</doc>
<status status="PASS" start="2026-07-25T00:29:51.481355" elapsed="0.624127"/>
</kw>
<return>
<value>${result.stdout}</value>
<status status="PASS" start="2026-07-25T00:29:52.105560" elapsed="0.000046"/>
</return>
<msg time="2026-07-25T00:29:52.106015" level="INFO">${state} = CREATING</msg>
<var>${state}</var>
<arg>microvmimage</arg>
<arg>${name}</arg>
<arg>{.status.imageState}</arg>
<arg>${namespace}</arg>
<status status="PASS" start="2026-07-25T00:29:51.481034" elapsed="0.624998"/>
</kw>
<kw name="Kubectl Get JsonPath" owner="common">
<kw name="Run Process" owner="Process">
<msg time="2026-07-25T00:29:52.106831" level="INFO">Starting process:
kubectl get microvmimage uat-shared-app -n default -o jsonpath={.status.latestVersionState}</msg>
<msg time="2026-07-25T00:29:52.107247" level="INFO">Waiting for process to complete.</msg>
<msg time="2026-07-25T00:29:52.729309" level="INFO">Process completed.</msg>
<msg time="2026-07-25T00:29:52.729495" level="INFO">${result} = &lt;result object with rc 0&gt;</msg>
<var>${result}</var>
<arg>kubectl</arg>
<arg>get</arg>
<arg>${resource}</arg>
<arg>${name}</arg>
<arg>-n</arg>
<arg>${namespace}</arg>
<arg>-o</arg>
<arg>jsonpath\=${jsonpath}</arg>
<doc>Runs a process and waits for it to complete.</doc>
<status status="PASS" start="2026-07-25T00:29:52.106488" elapsed="0.623027"/>
</kw>
<return>
<value>${result.stdout}</value>
<status status="PASS" start="2026-07-25T00:29:52.729592" elapsed="0.000047"/>
</return>
<msg time="2026-07-25T00:29:52.730023" level="INFO">${vstate} = IN_PROGRESS</msg>
<var>${vstate}</var>
<arg>microvmimage</arg>
<arg>${name}</arg>
<arg>{.status.latestVersionState}</arg>
<arg>${namespace}</arg>
<status status="PASS" start="2026-07-25T00:29:52.106232" elapsed="0.623807"/>
</kw>
<if>
<branch type="IF" condition="&quot;${state}&quot; == &quot;CREATED&quot; and &quot;${vstate}&quot; == &quot;SUCCESSFUL&quot;">
<return>
<status status="NOT RUN" start="2026-07-25T00:29:52.730252" elapsed="0.000009"/>
</return>
<status status="NOT RUN" start="2026-07-25T00:29:52.730111" elapsed="0.000164"/>
</branch>
<status status="PASS" start="2026-07-25T00:29:52.730096" elapsed="0.000192"/>
</if>
<kw name="Sleep" owner="BuiltIn">
<msg time="2026-07-25T00:30:02.730991" level="INFO">Slept 10 seconds.</msg>
<arg>10s</arg>
<doc>Pauses the test executed for the given time.</doc>
<status status="PASS" start="2026-07-25T00:29:52.730396" elapsed="10.000730"/>
</kw>
<var name="${i}">3</var>
<status status="PASS" start="2026-07-25T00:29:51.480849" elapsed="11.250348"/>
</iter>
<iter>
<kw name="Kubectl Get JsonPath" owner="common">
<kw name="Run Process" owner="Process">
<msg time="2026-07-25T00:30:02.732250" level="INFO">Starting process:
kubectl get microvmimage uat-shared-app -n default -o jsonpath={.status.imageState}</msg>
<msg time="2026-07-25T00:30:02.732748" level="INFO">Waiting for process to complete.</msg>
<msg time="2026-07-25T00:30:03.353061" level="INFO">Process completed.</msg>
<msg time="2026-07-25T00:30:03.353263" level="INFO">${result} = &lt;result object with rc 0&gt;</msg>
<var>${result}</var>
<arg>kubectl</arg>
<arg>get</arg>
<arg>${resource}</arg>
<arg>${name}</arg>
<arg>-n</arg>
<arg>${namespace}</arg>
<arg>-o</arg>
<arg>jsonpath\=${jsonpath}</arg>
<doc>Runs a process and waits for it to complete.</doc>
<status status="PASS" start="2026-07-25T00:30:02.731876" elapsed="0.621407"/>
</kw>
<return>
<value>${result.stdout}</value>
<status status="PASS" start="2026-07-25T00:30:03.353362" elapsed="0.000049"/>
</return>
<msg time="2026-07-25T00:30:03.353797" level="INFO">${state} = CREATING</msg>
<var>${state}</var>
<arg>microvmimage</arg>
<arg>${name}</arg>
<arg>{.status.imageState}</arg>
<arg>${namespace}</arg>
<status status="PASS" start="2026-07-25T00:30:02.731585" elapsed="0.622228"/>
</kw>
<kw name="Kubectl Get JsonPath" owner="common">
<kw name="Run Process" owner="Process">
<msg time="2026-07-25T00:30:03.354613" level="INFO">Starting process:
kubectl get microvmimage uat-shared-app -n default -o jsonpath={.status.latestVersionState}</msg>
<msg time="2026-07-25T00:30:03.355025" level="INFO">Waiting for process to complete.</msg>
<msg time="2026-07-25T00:30:03.980420" level="INFO">Process completed.</msg>
<msg time="2026-07-25T00:30:03.980604" level="INFO">${result} = &lt;result object with rc 0&gt;</msg>
<var>${result}</var>
<arg>kubectl</arg>
<arg>get</arg>
<arg>${resource}</arg>
<arg>${name}</arg>
<arg>-n</arg>
<arg>${namespace}</arg>
<arg>-o</arg>
<arg>jsonpath\=${jsonpath}</arg>
<doc>Runs a process and waits for it to complete.</doc>
<status status="PASS" start="2026-07-25T00:30:03.354267" elapsed="0.626356"/>
</kw>
<return>
<value>${result.stdout}</value>
<status status="PASS" start="2026-07-25T00:30:03.980702" elapsed="0.000045"/>
</return>
<msg time="2026-07-25T00:30:03.981134" level="INFO">${vstate} = IN_PROGRESS</msg>
<var>${vstate}</var>
<arg>microvmimage</arg>
<arg>${name}</arg>
<arg>{.status.latestVersionState}</arg>
<arg>${namespace}</arg>
<status status="PASS" start="2026-07-25T00:30:03.353990" elapsed="0.627160"/>
</kw>
<if>
<branch type="IF" condition="&quot;${state}&quot; == &quot;CREATED&quot; and &quot;${vstate}&quot; == &quot;SUCCESSFUL&quot;">
<return>
<status status="NOT RUN" start="2026-07-25T00:30:03.981349" elapsed="0.000009"/>
</return>
<status status="NOT RUN" start="2026-07-25T00:30:03.981239" elapsed="0.000133"/>
</branch>
<status status="PASS" start="2026-07-25T00:30:03.981223" elapsed="0.000162"/>
</if>
<kw name="Sleep" owner="BuiltIn">
<msg time="2026-07-25T00:30:13.981869" level="INFO">Slept 10 seconds.</msg>
<arg>10s</arg>
<doc>Pauses the test executed for the given time.</doc>
<status status="PASS" start="2026-07-25T00:30:03.981492" elapsed="10.000512"/>
</kw>
<var name="${i}">4</var>
<status status="PASS" start="2026-07-25T00:30:02.731414" elapsed="11.250721"/>
</iter>
<iter>
<kw name="Kubectl Get JsonPath" owner="common">
<kw name="Run Process" owner="Process">
<msg time="2026-07-25T00:30:13.983196" level="INFO">Starting process:
kubectl get microvmimage uat-shared-app -n default -o jsonpath={.status.imageState}</msg>
<msg time="2026-07-25T00:30:13.983710" level="INFO">Waiting for process to complete.</msg>
<msg time="2026-07-25T00:30:14.603169" level="INFO">Process completed.</msg>
<msg time="2026-07-25T00:30:14.603352" level="INFO">${result} = &lt;result object with rc 0&gt;</msg>
<var>${result}</var>
<arg>kubectl</arg>
<arg>get</arg>
<arg>${resource}</arg>
<arg>${name}</arg>
<arg>-n</arg>
<arg>${namespace}</arg>
<arg>-o</arg>
<arg>jsonpath\=${jsonpath}</arg>
<doc>Runs a process and waits for it to complete.</doc>
<status status="PASS" start="2026-07-25T00:30:13.982832" elapsed="0.620540"/>
</kw>
<return>
<value>${result.stdout}</value>
<status status="PASS" start="2026-07-25T00:30:14.603451" elapsed="0.000046"/>
</return>
<msg time="2026-07-25T00:30:14.603933" level="INFO">${state} = CREATING</msg>
<var>${state}</var>
<arg>microvmimage</arg>
<arg>${name}</arg>
<arg>{.status.imageState}</arg>
<arg>${namespace}</arg>
<status status="PASS" start="2026-07-25T00:30:13.982530" elapsed="0.621420"/>
</kw>
<kw name="Kubectl Get JsonPath" owner="common">
<kw name="Run Process" owner="Process">
<msg time="2026-07-25T00:30:14.604734" level="INFO">Starting process:
kubectl get microvmimage uat-shared-app -n default -o jsonpath={.status.latestVersionState}</msg>
<msg time="2026-07-25T00:30:14.605142" level="INFO">Waiting for process to complete.</msg>
<msg time="2026-07-25T00:30:15.216340" level="INFO">Process completed.</msg>
<msg time="2026-07-25T00:30:15.216521" level="INFO">${result} = &lt;result object with rc 0&gt;</msg>
<var>${result}</var>
<arg>kubectl</arg>
<arg>get</arg>
<arg>${resource}</arg>
<arg>${name}</arg>
<arg>-n</arg>
<arg>${namespace}</arg>
<arg>-o</arg>
<arg>jsonpath\=${jsonpath}</arg>
<doc>Runs a process and waits for it to complete.</doc>
<status status="PASS" start="2026-07-25T00:30:14.604409" elapsed="0.612132"/>
</kw>
<return>
<value>${result.stdout}</value>
<status status="PASS" start="2026-07-25T00:30:15.216617" elapsed="0.000044"/>
</return>
<msg time="2026-07-25T00:30:15.217059" level="INFO">${vstate} = IN_PROGRESS</msg>
<var>${vstate}</var>
<arg>microvmimage</arg>
<arg>${name}</arg>
<arg>{.status.latestVersionState}</arg>
<arg>${namespace}</arg>
<status status="PASS" start="2026-07-25T00:30:14.604128" elapsed="0.612947"/>
</kw>
<if>
<branch type="IF" condition="&quot;${state}&quot; == &quot;CREATED&quot; and &quot;${vstate}&quot; == &quot;SUCCESSFUL&quot;">
<return>
<status status="NOT RUN" start="2026-07-25T00:30:15.217272" elapsed="0.000009"/>
</return>
<status status="NOT RUN" start="2026-07-25T00:30:15.217147" elapsed="0.000149"/>
</branch>
<status status="PASS" start="2026-07-25T00:30:15.217131" elapsed="0.000177"/>
</if>
<kw name="Sleep" owner="BuiltIn">
<msg time="2026-07-25T00:30:25.217783" level="INFO">Slept 10 seconds.</msg>
<arg>10s</arg>
<doc>Pauses the test executed for the given time.</doc>
<status status="PASS" start="2026-07-25T00:30:15.217415" elapsed="10.000501"/>
</kw>
<var name="${i}">5</var>
<status status="PASS" start="2026-07-25T00:30:13.982363" elapsed="11.235609"/>
</iter>
<iter>
<kw name="Kubectl Get JsonPath" owner="common">
<kw name="Run Process" owner="Process">
<msg time="2026-07-25T00:30:25.219034" level="INFO">Starting process:
kubectl get microvmimage uat-shared-app -n default -o jsonpath={.status.imageState}</msg>
<msg time="2026-07-25T00:30:25.219569" level="INFO">Waiting for process to complete.</msg>
<msg time="2026-07-25T00:30:25.839051" level="INFO">Process completed.</msg>
<msg time="2026-07-25T00:30:25.839247" level="INFO">${result} = &lt;result object with rc 0&gt;</msg>
<var>${result}</var>
<arg>kubectl</arg>
<arg>get</arg>
<arg>${resource}</arg>
<arg>${name}</arg>
<arg>-n</arg>
<arg>${namespace}</arg>
<arg>-o</arg>
<arg>jsonpath\=${jsonpath}</arg>
<doc>Runs a process and waits for it to complete.</doc>
<status status="PASS" start="2026-07-25T00:30:25.218669" elapsed="0.620604"/>
</kw>
<return>
<value>${result.stdout}</value>
<status status="PASS" start="2026-07-25T00:30:25.839350" elapsed="0.000046"/>
</return>
<msg time="2026-07-25T00:30:25.839773" level="INFO">${state} = CREATING</msg>
<var>${state}</var>
<arg>microvmimage</arg>
<arg>${name}</arg>
<arg>{.status.imageState}</arg>
<arg>${namespace}</arg>
<status status="PASS" start="2026-07-25T00:30:25.218362" elapsed="0.621426"/>
</kw>
<kw name="Kubectl Get JsonPath" owner="common">
<kw name="Run Process" owner="Process">
<msg time="2026-07-25T00:30:25.840565" level="INFO">Starting process:
kubectl get microvmimage uat-shared-app -n default -o jsonpath={.status.latestVersionState}</msg>
<msg time="2026-07-25T00:30:25.840973" level="INFO">Waiting for process to complete.</msg>
<msg time="2026-07-25T00:30:26.460468" level="INFO">Process completed.</msg>
<msg time="2026-07-25T00:30:26.460654" level="INFO">${result} = &lt;result object with rc 0&gt;</msg>
<var>${result}</var>
<arg>kubectl</arg>
<arg>get</arg>
<arg>${resource}</arg>
<arg>${name}</arg>
<arg>-n</arg>
<arg>${namespace}</arg>
<arg>-o</arg>
<arg>jsonpath\=${jsonpath}</arg>
<doc>Runs a process and waits for it to complete.</doc>
<status status="PASS" start="2026-07-25T00:30:25.840231" elapsed="0.620442"/>
</kw>
<return>
<value>${result.stdout}</value>
<status status="PASS" start="2026-07-25T00:30:26.460752" elapsed="0.000046"/>
</return>
<msg time="2026-07-25T00:30:26.461217" level="INFO">${vstate} = IN_PROGRESS</msg>
<var>${vstate}</var>
<arg>microvmimage</arg>
<arg>${name}</arg>
<arg>{.status.latestVersionState}</arg>
<arg>${namespace}</arg>
<status status="PASS" start="2026-07-25T00:30:25.839961" elapsed="0.621272"/>
</kw>
<if>
<branch type="IF" condition="&quot;${state}&quot; == &quot;CREATED&quot; and &quot;${vstate}&quot; == &quot;SUCCESSFUL&quot;">
<return>
<status status="NOT RUN" start="2026-07-25T00:30:26.461410" elapsed="0.000009"/>
</return>
<status status="NOT RUN" start="2026-07-25T00:30:26.461304" elapsed="0.000130"/>
</branch>
<status status="PASS" start="2026-07-25T00:30:26.461289" elapsed="0.000158"/>
</if>
<kw name="Sleep" owner="BuiltIn">
<msg time="2026-07-25T00:30:36.462140" level="INFO">Slept 10 seconds.</msg>
<arg>10s</arg>
<doc>Pauses the test executed for the given time.</doc>
<status status="PASS" start="2026-07-25T00:30:26.461554" elapsed="10.000738"/>
</kw>
<var name="${i}">6</var>
<status status="PASS" start="2026-07-25T00:30:25.218192" elapsed="11.244157"/>
</iter>
<iter>
<kw name="Kubectl Get JsonPath" owner="common">
<kw name="Run Process" owner="Process">
<msg time="2026-07-25T00:30:36.463412" level="INFO">Starting process:
kubectl get microvmimage uat-shared-app -n default -o jsonpath={.status.imageState}</msg>
<msg time="2026-07-25T00:30:36.463939" level="INFO">Waiting for process to complete.</msg>
<msg time="2026-07-25T00:30:37.085217" level="INFO">Process completed.</msg>
<msg time="2026-07-25T00:30:37.085404" level="INFO">${result} = &lt;result object with rc 0&gt;</msg>
<var>${result}</var>
<arg>kubectl</arg>
<arg>get</arg>
<arg>${resource}</arg>
<arg>${name}</arg>
<arg>-n</arg>
<arg>${namespace}</arg>
<arg>-o</arg>
<arg>jsonpath\=${jsonpath}</arg>
<doc>Runs a process and waits for it to complete.</doc>
<status status="PASS" start="2026-07-25T00:30:36.463036" elapsed="0.622388"/>
</kw>
<return>
<value>${result.stdout}</value>
<status status="PASS" start="2026-07-25T00:30:37.085504" elapsed="0.000048"/>
</return>
<msg time="2026-07-25T00:30:37.085950" level="INFO">${state} = CREATING</msg>
<var>${state}</var>
<arg>microvmimage</arg>
<arg>${name}</arg>
<arg>{.status.imageState}</arg>
<arg>${namespace}</arg>
<status status="PASS" start="2026-07-25T00:30:36.462738" elapsed="0.623229"/>
</kw>
<kw name="Kubectl Get JsonPath" owner="common">
<kw name="Run Process" owner="Process">
<msg time="2026-07-25T00:30:37.086764" level="INFO">Starting process:
kubectl get microvmimage uat-shared-app -n default -o jsonpath={.status.latestVersionState}</msg>
<msg time="2026-07-25T00:30:37.087236" level="INFO">Waiting for process to complete.</msg>
<msg time="2026-07-25T00:30:37.704010" level="INFO">Process completed.</msg>
<msg time="2026-07-25T00:30:37.704211" level="INFO">${result} = &lt;result object with rc 0&gt;</msg>
<var>${result}</var>
<arg>kubectl</arg>
<arg>get</arg>
<arg>${resource}</arg>
<arg>${name}</arg>
<arg>-n</arg>
<arg>${namespace}</arg>
<arg>-o</arg>
<arg>jsonpath\=${jsonpath}</arg>
<doc>Runs a process and waits for it to complete.</doc>
<status status="PASS" start="2026-07-25T00:30:37.086422" elapsed="0.617810"/>
</kw>
<return>
<value>${result.stdout}</value>
<status status="PASS" start="2026-07-25T00:30:37.704314" elapsed="0.000046"/>
</return>
<msg time="2026-07-25T00:30:37.704755" level="INFO">${vstate} = IN_PROGRESS</msg>
<var>${vstate}</var>
<arg>microvmimage</arg>
<arg>${name}</arg>
<arg>{.status.latestVersionState}</arg>
<arg>${namespace}</arg>
<status status="PASS" start="2026-07-25T00:30:37.086142" elapsed="0.618629"/>
</kw>
<if>
<branch type="IF" condition="&quot;${state}&quot; == &quot;CREATED&quot; and &quot;${vstate}&quot; == &quot;SUCCESSFUL&quot;">
<return>
<status status="NOT RUN" start="2026-07-25T00:30:37.704967" elapsed="0.000009"/>
</return>
<status status="NOT RUN" start="2026-07-25T00:30:37.704845" elapsed="0.000145"/>
</branch>
<status status="PASS" start="2026-07-25T00:30:37.704828" elapsed="0.000175"/>
</if>
<kw name="Sleep" owner="BuiltIn">
<msg time="2026-07-25T00:30:47.705504" level="INFO">Slept 10 seconds.</msg>
<arg>10s</arg>
<doc>Pauses the test executed for the given time.</doc>
<status status="PASS" start="2026-07-25T00:30:37.705112" elapsed="10.000526"/>
</kw>
<var name="${i}">7</var>
<status status="PASS" start="2026-07-25T00:30:36.462557" elapsed="11.243139"/>
</iter>
<iter>
<kw name="Kubectl Get JsonPath" owner="common">
<kw name="Run Process" owner="Process">
<msg time="2026-07-25T00:30:47.706747" level="INFO">Starting process:
kubectl get microvmimage uat-shared-app -n default -o jsonpath={.status.imageState}</msg>
<msg time="2026-07-25T00:30:47.707254" level="INFO">Waiting for process to complete.</msg>
<msg time="2026-07-25T00:30:48.326782" level="INFO">Process completed.</msg>
<msg time="2026-07-25T00:30:48.326972" level="INFO">${result} = &lt;result object with rc 0&gt;</msg>
<var>${result}</var>
<arg>kubectl</arg>
<arg>get</arg>
<arg>${resource}</arg>
<arg>${name}</arg>
<arg>-n</arg>
<arg>${namespace}</arg>
<arg>-o</arg>
<arg>jsonpath\=${jsonpath}</arg>
<doc>Runs a process and waits for it to complete.</doc>
<status status="PASS" start="2026-07-25T00:30:47.706391" elapsed="0.620600"/>
</kw>
<return>
<value>${result.stdout}</value>
<status status="PASS" start="2026-07-25T00:30:48.327075" elapsed="0.000049"/>
</return>
<msg time="2026-07-25T00:30:48.327542" level="INFO">${state} = CREATING</msg>
<var>${state}</var>
<arg>microvmimage</arg>
<arg>${name}</arg>
<arg>{.status.imageState}</arg>
<arg>${namespace}</arg>
<status status="PASS" start="2026-07-25T00:30:47.706071" elapsed="0.621488"/>
</kw>
<kw name="Kubectl Get JsonPath" owner="common">
<kw name="Run Process" owner="Process">
<msg time="2026-07-25T00:30:48.328341" level="INFO">Starting process:
kubectl get microvmimage uat-shared-app -n default -o jsonpath={.status.latestVersionState}</msg>
<msg time="2026-07-25T00:30:48.328729" level="INFO">Waiting for process to complete.</msg>
<msg time="2026-07-25T00:30:48.936566" level="INFO">Process completed.</msg>
<msg time="2026-07-25T00:30:48.936755" level="INFO">${result} = &lt;result object with rc 0&gt;</msg>
<var>${result}</var>
<arg>kubectl</arg>
<arg>get</arg>
<arg>${resource}</arg>
<arg>${name}</arg>
<arg>-n</arg>
<arg>${namespace}</arg>
<arg>-o</arg>
<arg>jsonpath\=${jsonpath}</arg>
<doc>Runs a process and waits for it to complete.</doc>
<status status="PASS" start="2026-07-25T00:30:48.327994" elapsed="0.608781"/>
</kw>
<return>
<value>${result.stdout}</value>
<status status="PASS" start="2026-07-25T00:30:48.936857" elapsed="0.000045"/>
</return>
<msg time="2026-07-25T00:30:48.937306" level="INFO">${vstate} = IN_PROGRESS</msg>
<var>${vstate}</var>
<arg>microvmimage</arg>
<arg>${name}</arg>
<arg>{.status.latestVersionState}</arg>
<arg>${namespace}</arg>
<status status="PASS" start="2026-07-25T00:30:48.327736" elapsed="0.609586"/>
</kw>
<if>
<branch type="IF" condition="&quot;${state}&quot; == &quot;CREATED&quot; and &quot;${vstate}&quot; == &quot;SUCCESSFUL&quot;">
<return>
<status status="NOT RUN" start="2026-07-25T00:30:48.937500" elapsed="0.000009"/>
</return>
<status status="NOT RUN" start="2026-07-25T00:30:48.937392" elapsed="0.000132"/>
</branch>
<status status="PASS" start="2026-07-25T00:30:48.937376" elapsed="0.000160"/>
</if>
<kw name="Sleep" owner="BuiltIn">
<msg time="2026-07-25T00:30:58.938021" level="INFO">Slept 10 seconds.</msg>
<arg>10s</arg>
<doc>Pauses the test executed for the given time.</doc>
<status status="PASS" start="2026-07-25T00:30:48.937642" elapsed="10.000513"/>
</kw>
<var name="${i}">8</var>
<status status="PASS" start="2026-07-25T00:30:47.705902" elapsed="11.232328"/>
</iter>
<iter>
<kw name="Kubectl Get JsonPath" owner="common">
<kw name="Run Process" owner="Process">
<msg time="2026-07-25T00:30:58.939293" level="INFO">Starting process:
kubectl get microvmimage uat-shared-app -n default -o jsonpath={.status.imageState}</msg>
<msg time="2026-07-25T00:30:58.939786" level="INFO">Waiting for process to complete.</msg>
<msg time="2026-07-25T00:30:59.565969" level="INFO">Process completed.</msg>
<msg time="2026-07-25T00:30:59.566170" level="INFO">${result} = &lt;result object with rc 0&gt;</msg>
[...]
<msg time="2026-07-25T01:01:55.742524" level="INFO">Waiting for process to complete.</msg>
<msg time="2026-07-25T01:01:57.044073" level="INFO">Process completed.</msg>
<msg time="2026-07-25T01:01:57.044285" level="INFO">${result} = &lt;result object with rc 0&gt;</msg>
<var>${result}</var>
<arg>microvm</arg>
<arg>token</arg>
<arg>--name</arg>
<arg>${name}</arg>
<arg>--direct</arg>
<arg>-n</arg>
<arg>${namespace}</arg>
<doc>Runs a process and waits for it to complete.</doc>
<status status="PASS" start="2026-07-25T01:01:55.741549" elapsed="1.302757"/>
</kw>
<kw name="Should Be Equal As Integers" owner="BuiltIn">
<msg time="2026-07-25T01:01:57.045398" level="INFO">Argument types are:
&lt;class 'int'&gt;
&lt;class 'str'&gt;</msg>
<arg>${result.rc}</arg>
<arg>0</arg>
<arg>Failed to get token: ${result.stderr}</arg>
<doc>Fails if objects are unequal after converting them to integers.</doc>
<status status="PASS" start="2026-07-25T01:01:57.044498" elapsed="0.000943"/>
</kw>
<return>
<value>${result.stdout}</value>
<status status="PASS" start="2026-07-25T01:01:57.045481" elapsed="0.000038"/>
</return>
<msg time="2026-07-25T01:01:57.045825" level="INFO">${token} = eyJraWQiOiJmMTU5ZjdiOS1jMjc2LTQyMzUtYTkyNC02ODYyNWI5ZWU1ZDEiLCJhbGciOiJkaXIiLCJlbmMiOiJBMjU2R0NNIn0..yHWw2ozSJCMT3k10.qnaS4R0QukxQe_WsWydVwTB-fCYH7JBM8-yNhWZ_aRq7yYo7W7-KS9H6lEGkQ3YlV5o2bMfVRT9bIP1mDu...</msg>
<var>${token}</var>
<arg>${MEM_VM}</arg>
<status status="PASS" start="2026-07-25T01:01:55.741335" elapsed="1.304505"/>
</kw>
<kw name="Call MicroVM Endpoint" owner="common">
<kw name="Run Process" owner="Process">
<msg time="2026-07-25T01:01:57.046548" level="INFO">Starting process:
curl -sk -H "X-aws-proxy-auth: eyJraWQiOiJmMTU5ZjdiOS1jMjc2LTQyMzUtYTkyNC02ODYyNWI5ZWU1ZDEiLCJhbGciOiJkaXIiLCJlbmMiOiJBMjU2R0NNIn0..yHWw2ozSJCMT3k10.qnaS4R0QukxQe_WsWydVwTB-fCYH7JBM8-yNhWZ_aRq7yYo7W7-KS9H6lEGkQ3YlV5o2bMfVRT9bIP1mDu9b2Eg5QuaiZOdT30wIwG5jmtUgq8QNp8n9c1VQ_k8kmu4NBdqTRPGMemlW3-pXfV93a2_9hZFbVtZzZjsS6vIKyhJjapSSmJzsre_KUZSI1uDDUvUq01zTfSfCS0w2SPWokEUiLYdPC2V6rPovH7sfUyd32-ozhjpYULy4SdRQgB2ptwawGMA_8plTZ7DWhoKrvcP0NOQ7v_GZfRf8uAX2IXZvC669UhxM_sonLSa8jy3vfVfYB42bBet8cSRxJ8rifCESf3ux23Y-V0JAkwaLDTjypUYwLIzOlM__JeUGiTMkg2BVhKLpLVQXo3S_9JPlMeWzqsFSDCKZjWlvphVabsjpGX3uBiHbdKBEzTHZ8miDIzdylPaaxgez7bzSABP_nJeP1Not4Fv0OacL4C81CVvGtRFPT5VV31XAWZwI2rQvSa_nhtlvdJSi5QCoaCMylvBars5d_IC7NvgN9NmlUvGbb1bI5tpxbkgcwlOx2sJLnAz679j6OjtipApYjyaVX0XtI18gOZQ.3si50Xh47I-1RIZDh4dxVQ" https://68cfcb65-07f7-778e-5d56-b7b7bc822489.lambda-microvm.us-east-1.on.aws/</msg>
<msg time="2026-07-25T01:01:57.047054" level="INFO">Waiting for process to complete.</msg>
<msg time="2026-07-25T01:01:58.117061" level="INFO">Process completed.</msg>
<msg time="2026-07-25T01:01:58.117283" level="INFO">${result} = &lt;result object with rc 0&gt;</msg>
<var>${result}</var>
<arg>curl</arg>
<arg>-sk</arg>
<arg>-H</arg>
<arg>X-aws-proxy-auth: ${token}</arg>
<arg>https://${endpoint}${path}</arg>
<doc>Runs a process and waits for it to complete.</doc>
<status status="PASS" start="2026-07-25T01:01:57.046211" elapsed="1.071095"/>
</kw>
<kw name="Should Be Equal As Integers" owner="BuiltIn">
<msg time="2026-07-25T01:01:58.118425" level="INFO">Argument types are:
&lt;class 'int'&gt;
&lt;class 'str'&gt;</msg>
<arg>${result.rc}</arg>
<arg>0</arg>
<arg>curl failed: ${result.stderr}</arg>
<doc>Fails if objects are unequal after converting them to integers.</doc>
<status status="PASS" start="2026-07-25T01:01:58.117504" elapsed="0.000966"/>
</kw>
<return>
<value>${result.stdout}</value>
<status status="PASS" start="2026-07-25T01:01:58.118510" elapsed="0.000037"/>
</return>
<msg time="2026-07-25T01:01:58.118868" level="INFO">${response} = {"status":"ok","path":"/","ts":"2026-07-25T01:01:58.050Z"}</msg>
<var>${response}</var>
<arg>${endpoint}</arg>
<arg>${token}</arg>
<status status="PASS" start="2026-07-25T01:01:57.045977" elapsed="1.072907"/>
</kw>
<kw name="Should Contain" owner="BuiltIn">
<arg>${response}</arg>
<arg>"status":"ok"</arg>
<doc>Fails if ``container`` does not contain ``item`` one or more times.</doc>
<status status="PASS" start="2026-07-25T01:01:58.118960" elapsed="0.000215"/>
</kw>
<tag>memory</tag>
<tag>smoke</tag>
<status status="PASS" start="2026-07-25T01:00:50.598214" elapsed="67.521041"/>
</test>
<kw name="Cleanup Memory Resources" type="TEARDOWN">
<kw name="Run Keyword And Ignore Error" owner="BuiltIn">
<kw name="Kubectl Delete Force" owner="common">
<kw name="Run Process" owner="Process">
<msg time="2026-07-25T01:01:58.120309" level="INFO">Starting process:
kubectl patch microvm mem-vm-005742 -n default --type=json -p=[{\"op\":\"remove\",\"path\":\"/metadata/finalizers\"}] --request-timeout=10s</msg>
<msg time="2026-07-25T01:01:58.120756" level="INFO">Waiting for process to complete.</msg>
<msg time="2026-07-25T01:01:58.770572" level="INFO">Process completed.</msg>
<arg>kubectl</arg>
<arg>patch</arg>
<arg>${resource}</arg>
<arg>${name}</arg>
<arg>-n</arg>
<arg>${namespace}</arg>
<arg>--type\=json</arg>
<arg>-p\=[{"op":"remove","path":"/metadata/finalizers"}]</arg>
<arg>--request-timeout\=10s</arg>
<doc>Runs a process and waits for it to complete.</doc>
<status status="PASS" start="2026-07-25T01:01:58.120031" elapsed="0.650671"/>
</kw>
<kw name="Run Process" owner="Process">
<msg time="2026-07-25T01:01:58.771440" level="INFO">Starting process:
kubectl delete microvm mem-vm-005742 -n default --force --grace-period=0 --timeout=30s</msg>
<msg time="2026-07-25T01:01:58.771921" level="INFO">Waiting for process to complete.</msg>
<msg time="2026-07-25T01:01:59.520270" level="INFO">Process completed.</msg>
<arg>kubectl</arg>
<arg>delete</arg>
<arg>${resource}</arg>
<arg>${name}</arg>
<arg>-n</arg>
<arg>${namespace}</arg>
<arg>--force</arg>
<arg>--grace-period\=0</arg>
<arg>--timeout\=30s</arg>
<doc>Runs a process and waits for it to complete.</doc>
<status status="PASS" start="2026-07-25T01:01:58.770956" elapsed="0.749452"/>
</kw>
<arg>microvm</arg>
<arg>${MEM_VM}</arg>
<status status="PASS" start="2026-07-25T01:01:58.119879" elapsed="1.400635"/>
</kw>
<arg>Kubectl Delete Force</arg>
<arg>microvm</arg>
<arg>${MEM_VM}</arg>
<doc>Runs the given keyword with the given arguments and ignores possible error.</doc>
<status status="PASS" start="2026-07-25T01:01:58.119676" elapsed="1.400874"/>
</kw>
<kw name="Run Keyword And Ignore Error" owner="BuiltIn">
<kw name="Kubectl Delete Force" owner="common">
<kw name="Run Process" owner="Process">
<msg time="2026-07-25T01:01:59.521657" level="INFO">Starting process:
kubectl patch microvmimage mem-4096-005742 -n default --type=json -p=[{\"op\":\"remove\",\"path\":\"/metadata/finalizers\"}] --request-timeout=10s</msg>
<msg time="2026-07-25T01:01:59.522143" level="INFO">Waiting for process to complete.</msg>
<msg time="2026-07-25T01:02:00.164206" level="INFO">Process completed.</msg>
<arg>kubectl</arg>
<arg>patch</arg>
<arg>${resource}</arg>
<arg>${name}</arg>
<arg>-n</arg>
<arg>${namespace}</arg>
<arg>--type\=json</arg>
<arg>-p\=[{"op":"remove","path":"/metadata/finalizers"}]</arg>
<arg>--request-timeout\=10s</arg>
<doc>Runs a process and waits for it to complete.</doc>
<status status="PASS" start="2026-07-25T01:01:59.521355" elapsed="0.642977"/>
</kw>
<kw name="Run Process" owner="Process">
<msg time="2026-07-25T01:02:00.164979" level="INFO">Starting process:
kubectl delete microvmimage mem-4096-005742 -n default --force --grace-period=0 --timeout=30s</msg>
<msg time="2026-07-25T01:02:00.165448" level="INFO">Waiting for process to complete.</msg>
<msg time="2026-07-25T01:02:00.901591" level="INFO">Process completed.</msg>
<arg>kubectl</arg>
<arg>delete</arg>
<arg>${resource}</arg>
<arg>${name}</arg>
<arg>-n</arg>
<arg>${namespace}</arg>
<arg>--force</arg>
<arg>--grace-period\=0</arg>
<arg>--timeout\=30s</arg>
<doc>Runs a process and waits for it to complete.</doc>
<status status="PASS" start="2026-07-25T01:02:00.164536" elapsed="0.737185"/>
</kw>
<arg>microvmimage</arg>
<arg>${MEM_4096}</arg>
<status status="PASS" start="2026-07-25T01:01:59.521101" elapsed="1.380727"/>
</kw>
<arg>Kubectl Delete Force</arg>
<arg>microvmimage</arg>
<arg>${MEM_4096}</arg>
<doc>Runs the given keyword with the given arguments and ignores possible error.</doc>
<status status="PASS" start="2026-07-25T01:01:59.520716" elapsed="1.381149"/>
</kw>
<kw name="Run Keyword And Ignore Error" owner="BuiltIn">
<kw name="Kubectl Delete Force" owner="common">
<kw name="Run Process" owner="Process">
<msg time="2026-07-25T01:02:00.902984" level="INFO">Starting process:
kubectl patch microvmimage mem-default-005742 -n default --type=json -p=[{\"op\":\"remove\",\"path\":\"/metadata/finalizers\"}] --request-timeout=10s</msg>
<msg time="2026-07-25T01:02:00.903475" level="INFO">Waiting for process to complete.</msg>
<msg time="2026-07-25T01:02:01.548544" level="INFO">Process completed.</msg>
<arg>kubectl</arg>
<arg>patch</arg>
<arg>${resource}</arg>
<arg>${name}</arg>
<arg>-n</arg>
<arg>${namespace}</arg>
<arg>--type\=json</arg>
<arg>-p\=[{"op":"remove","path":"/metadata/finalizers"}]</arg>
<arg>--request-timeout\=10s</arg>
<doc>Runs a process and waits for it to complete.</doc>
<status status="PASS" start="2026-07-25T01:02:00.902671" elapsed="0.646001"/>
</kw>
<kw name="Run Process" owner="Process">
<msg time="2026-07-25T01:02:01.549350" level="INFO">Starting process:
kubectl delete microvmimage mem-default-005742 -n default --force --grace-period=0 --timeout=30s</msg>
<msg time="2026-07-25T01:02:01.549816" level="INFO">Waiting for process to complete.</msg>
<msg time="2026-07-25T01:02:02.295723" level="INFO">Process completed.</msg>
<arg>kubectl</arg>
<arg>delete</arg>
<arg>${resource}</arg>
<arg>${name}</arg>
<arg>-n</arg>
<arg>${namespace}</arg>
<arg>--force</arg>
<arg>--grace-period\=0</arg>
<arg>--timeout\=30s</arg>
<doc>Runs a process and waits for it to complete.</doc>
<status status="PASS" start="2026-07-25T01:02:01.548877" elapsed="0.746981"/>
</kw>
<arg>microvmimage</arg>
<arg>${MEM_DEFAULT}</arg>
<status status="PASS" start="2026-07-25T01:02:00.902439" elapsed="1.393586"/>
</kw>
<arg>Kubectl Delete Force</arg>
<arg>microvmimage</arg>
<arg>${MEM_DEFAULT}</arg>
<doc>Runs the given keyword with the given arguments and ignores possible error.</doc>
<status status="PASS" start="2026-07-25T01:02:00.902032" elapsed="1.394031"/>
</kw>
<status status="PASS" start="2026-07-25T01:01:58.119551" elapsed="4.176550"/>
</kw>
<doc>UAT: Memory Sizing Guide</doc>
<status status="PASS" start="2026-07-25T00:57:37.975890" elapsed="264.320229"/>
</suite>
<suite id="s1-s10" name="99 Final Cleanup" source="/home/ubuntu/projects/microvm/KubeMicroVM/uat/tests/99_final_cleanup.robot">
<test id="s1-s10-t1" name="Cleanup Shared Image" line="9">
<kw name="Kubectl Delete Force" owner="common">
<kw name="Run Process" owner="Process">
<msg time="2026-07-25T01:02:02.299540" level="INFO">Starting process:
kubectl patch microvmimage uat-shared-app -n default --type=json -p=[{\"op\":\"remove\",\"path\":\"/metadata/finalizers\"}] --request-timeout=10s</msg>
<msg time="2026-07-25T01:02:02.299971" level="INFO">Waiting for process to complete.</msg>
<msg time="2026-07-25T01:02:02.941124" level="INFO">Process completed.</msg>
<arg>kubectl</arg>
<arg>patch</arg>
<arg>${resource}</arg>
<arg>${name}</arg>
<arg>-n</arg>
<arg>${namespace}</arg>
<arg>--type\=json</arg>
<arg>-p\=[{"op":"remove","path":"/metadata/finalizers"}]</arg>
<arg>--request-timeout\=10s</arg>
<doc>Runs a process and waits for it to complete.</doc>
<status status="PASS" start="2026-07-25T01:02:02.299242" elapsed="0.642017"/>
</kw>
<kw name="Run Process" owner="Process">
<msg time="2026-07-25T01:02:02.941885" level="INFO">Starting process:
kubectl delete microvmimage uat-shared-app -n default --force --grace-period=0 --timeout=30s</msg>
<msg time="2026-07-25T01:02:02.942343" level="INFO">Waiting for process to complete.</msg>
<msg time="2026-07-25T01:02:03.680909" level="INFO">Process completed.</msg>
<arg>kubectl</arg>
<arg>delete</arg>
<arg>${resource}</arg>
<arg>${name}</arg>
<arg>-n</arg>
<arg>${namespace}</arg>
<arg>--force</arg>
<arg>--grace-period\=0</arg>
<arg>--timeout\=30s</arg>
<doc>Runs a process and waits for it to complete.</doc>
<status status="PASS" start="2026-07-25T01:02:02.941451" elapsed="0.739588"/>
</kw>
<arg>microvmimage</arg>
<arg>${SHARED_IMAGE}</arg>
<status status="PASS" start="2026-07-25T01:02:02.298999" elapsed="1.382144"/>
</kw>
<kw name="Run Process" owner="Process">
<msg time="2026-07-25T01:02:03.681701" level="INFO">Starting process:
kubectl get microvmimage uat-shared-app -n default</msg>
<msg time="2026-07-25T01:02:03.682181" level="INFO">Waiting for process to complete.</msg>
<msg time="2026-07-25T01:02:04.303556" level="INFO">Process completed.</msg>
<msg time="2026-07-25T01:02:04.303739" level="INFO">${result} = &lt;result object with rc 1&gt;</msg>
<var>${result}</var>
<arg>kubectl</arg>
<arg>get</arg>
<arg>microvmimage</arg>
<arg>${SHARED_IMAGE}</arg>
<arg>-n</arg>
<arg>${NAMESPACE}</arg>
<doc>Runs a process and waits for it to complete.</doc>
<status status="PASS" start="2026-07-25T01:02:03.681316" elapsed="0.622443"/>
</kw>
<kw name="Should Not Be Equal As Integers" owner="BuiltIn">
<msg time="2026-07-25T01:02:04.304561" level="INFO">Argument types are:
&lt;class 'int'&gt;
&lt;class 'str'&gt;</msg>
<arg>${result.rc}</arg>
<arg>0</arg>
<arg>Shared image should be deleted</arg>
<doc>Fails if objects are equal after converting them to integers.</doc>
<status status="PASS" start="2026-07-25T01:02:04.303939" elapsed="0.000665"/>
</kw>
<doc>Removes the shared MicroVMImage used across all suites</doc>
<tag>teardown</tag>
<status status="PASS" start="2026-07-25T01:02:02.298728" elapsed="2.005954"/>
</test>
<test id="s1-s10-t2" name="Verify No Resources Remaining" line="15">
<kw name="Run Process" owner="Process">
<msg time="2026-07-25T01:02:04.305282" level="INFO">Starting process:
kubectl get microvms -n default --no-headers</msg>
<msg time="2026-07-25T01:02:04.305709" level="INFO">Waiting for process to complete.</msg>
<msg time="2026-07-25T01:02:04.917971" level="INFO">Process completed.</msg>
<msg time="2026-07-25T01:02:04.918178" level="INFO">${vms} = &lt;result object with rc 0&gt;</msg>
<var>${vms}</var>
<arg>kubectl</arg>
<arg>get</arg>
<arg>microvms</arg>
<arg>-n</arg>
<arg>${NAMESPACE}</arg>
<arg>--no-headers</arg>
<doc>Runs a process and waits for it to complete.</doc>
<status status="PASS" start="2026-07-25T01:02:04.305055" elapsed="0.613144"/>
</kw>
<kw name="Should Be Empty" owner="BuiltIn">
<msg time="2026-07-25T01:02:04.919216" level="INFO">Length is 0.</msg>
<arg>${vms.stdout.strip()}</arg>
<arg>MicroVMs still exist: ${vms.stdout}</arg>
<doc>Verifies that the given item is empty.</doc>
<status status="PASS" start="2026-07-25T01:02:04.918382" elapsed="0.000865"/>
</kw>
<kw name="Run Process" owner="Process">
<msg time="2026-07-25T01:02:04.919531" level="INFO">Starting process:
kubectl get microvmimages -n default --no-headers</msg>
<msg time="2026-07-25T01:02:04.919977" level="INFO">Waiting for process to complete.</msg>
<msg time="2026-07-25T01:02:05.546665" level="INFO">Process completed.</msg>
<msg time="2026-07-25T01:02:05.546867" level="INFO">${images} = &lt;result object with rc 0&gt;</msg>
<var>${images}</var>
<arg>kubectl</arg>
<arg>get</arg>
<arg>microvmimages</arg>
<arg>-n</arg>
<arg>${NAMESPACE}</arg>
<arg>--no-headers</arg>
<doc>Runs a process and waits for it to complete.</doc>
<status status="PASS" start="2026-07-25T01:02:04.919321" elapsed="0.627567"/>
</kw>
<kw name="Should Be Empty" owner="BuiltIn">
<msg time="2026-07-25T01:02:05.547877" level="INFO">Length is 0.</msg>
<arg>${images.stdout.strip()}</arg>
<arg>MicroVMImages still exist: ${images.stdout}</arg>
<doc>Verifies that the given item is empty.</doc>
<status status="PASS" start="2026-07-25T01:02:05.547072" elapsed="0.000836"/>
</kw>
<kw name="Run Process" owner="Process">
<msg time="2026-07-25T01:02:05.548210" level="INFO">Starting process:
kubectl get microvmnetworks -n default --no-headers</msg>
<msg time="2026-07-25T01:02:05.548661" level="INFO">Waiting for process to complete.</msg>
<msg time="2026-07-25T01:02:06.168898" level="INFO">Process completed.</msg>
<msg time="2026-07-25T01:02:06.169084" level="INFO">${networks} = &lt;result object with rc 0&gt;</msg>
<var>${networks}</var>
<arg>kubectl</arg>
<arg>get</arg>
<arg>microvmnetworks</arg>
<arg>-n</arg>
<arg>${NAMESPACE}</arg>
<arg>--no-headers</arg>
<doc>Runs a process and waits for it to complete.</doc>
<status status="PASS" start="2026-07-25T01:02:05.547983" elapsed="0.621121"/>
</kw>
<kw name="Should Be Empty" owner="BuiltIn">
<msg time="2026-07-25T01:02:06.170080" level="INFO">Length is 0.</msg>
<arg>${networks.stdout.strip()}</arg>
<arg>MicroVMNetworks still exist: ${networks.stdout}</arg>
<doc>Verifies that the given item is empty.</doc>
<status status="PASS" start="2026-07-25T01:02:06.169301" elapsed="0.000808"/>
</kw>
<doc>Confirms all UAT resources have been cleaned up</doc>
<tag>teardown</tag>
<status status="PASS" start="2026-07-25T01:02:04.304820" elapsed="1.865381"/>
</test>
<doc>Final cleanup — removes shared resources created during UAT.
Run this last (or it runs last alphabetically in the tests/ directory).</doc>
<status status="PASS" start="2026-07-25T01:02:02.296556" elapsed="3.873834"/>
</suite>
<doc>KubeMicroVM UAT — User Guide Acceptance Tests

Validates that all user guide steps work exactly as documented.
Requires: operator deployed, namespace labelled, S3 fixtures uploaded.

Run all:  robot --outputdir results --exclude performance tests/
Run one:  robot --outputdir results tests/01_quick_start.robot
Smoke:    robot --outputdir results -i smoke tests/
Perf:     robot --outputdir results -i performance tests/

Performance tests are excluded by default (long-running, account-limit
dependent). Include explicitly with: -i performance

Each suite verifies cluster prerequisites before running.
If the operator is not installed, suites will fail with a clear message.</doc>
<status status="PASS" start="2026-07-25T00:28:36.447503" elapsed="2009.723374"/>
</suite>
<statistics>
<total>
<stat pass="63" fail="0" skip="0">All Tests</stat>
</total>
<tag>
<stat pass="6" fail="0" skip="0">class</stat>
<stat pass="2" fail="0" skip="0">critical</stat>
<stat pass="2" fail="0" skip="0">destructive</stat>
<stat pass="5" fail="0" skip="0">drift</stat>
<stat pass="9" fail="0" skip="0">injection</stat>
<stat pass="6" fail="0" skip="0">memory</stat>
<stat pass="5" fail="0" skip="0">networking</stat>
<stat pass="9" fail="0" skip="0">quick-start</stat>
<stat pass="8" fail="0" skip="0">rbac</stat>
<stat pass="6" fail="0" skip="0">replicaset</stat>
<stat pass="7" fail="0" skip="0">setup</stat>
<stat pass="20" fail="0" skip="0">smoke</stat>
<stat pass="2" fail="0" skip="0">teardown</stat>
</tag>
<suite>
<stat name="Tests" id="s1" pass="63" fail="0" skip="0">Tests</stat>
<stat name="00 Cluster Setup" id="s1-s1" pass="7" fail="0" skip="0">Tests.00 Cluster Setup</stat>
<stat name="01 Quick Start" id="s1-s2" pass="9" fail="0" skip="0">Tests.01 Quick Start</stat>
<stat name="02 Rbac" id="s1-s3" pass="8" fail="0" skip="0">Tests.02 Rbac</stat>
<stat name="03 Networking" id="s1-s4" pass="5" fail="0" skip="0">Tests.03 Networking</stat>
<stat name="04 Pod Token Injection" id="s1-s5" pass="9" fail="0" skip="0">Tests.04 Pod Token Injection</stat>
<stat name="05 Replicaset" id="s1-s6" pass="6" fail="0" skip="0">Tests.05 Replicaset</stat>
<stat name="06 Microvm Class" id="s1-s7" pass="6" fail="0" skip="0">Tests.06 Microvm Class</stat>
<stat name="07 Drift Autosuspend" id="s1-s8" pass="5" fail="0" skip="0">Tests.07 Drift Autosuspend</stat>
<stat name="08 Memory Sizing" id="s1-s9" pass="6" fail="0" skip="0">Tests.08 Memory Sizing</stat>
<stat name="99 Final Cleanup" id="s1-s10" pass="2" fail="0" skip="0">Tests.99 Final Cleanup</stat>
</suite>
</statistics>
<errors>
</errors>
</robot>
