<?xml version="1.0" encoding="UTF-8"?>
<robot generator="Robot 7.4.2 (Python 3.12.3 on linux)" generated="2026-07-09T16:24:23.056159" rpa="false" schemaversion="5">
<suite id="s1" name="00 Cluster Setup" source="/home/ubuntu/projects/pl-cloud/KubeMicroVM/uat/tests/00_cluster_setup.robot">
<test id="s1-t1" name="Operator Is Deployed And Running" line="10">
<kw name="Verify Operator Running" owner="cluster_setup">
<kw name="Run Process" owner="Process">
<msg time="2026-07-09T16:24:23.101787" level="INFO">Starting process:
kubectl get deploy kube-microvm-operator -n kube-microvm -o jsonpath={.status.readyReplicas}</msg>
<msg time="2026-07-09T16:24:23.102284" level="INFO">Waiting for process to complete.</msg>
<msg time="2026-07-09T16:24:23.765673" level="INFO">Process completed.</msg>
<msg time="2026-07-09T16:24:23.765868" level="INFO">${result} = &lt;result object with rc 0&gt;</msg>
<var>${result}</var>
<arg>kubectl</arg>
<arg>get</arg>
<arg>deploy</arg>
<arg>kube-microvm-operator</arg>
<arg>-n</arg>
<arg>${OPERATOR_NS}</arg>
<arg>-o</arg>
<arg>jsonpath\={.status.readyReplicas}</arg>
<doc>Runs a process and waits for it to complete.</doc>
<status status="PASS" start="2026-07-09T16:24:23.101445" elapsed="0.664445"/>
</kw>
<kw name="Should Be Equal As Integers" owner="BuiltIn">
<msg time="2026-07-09T16:24:23.766970" level="INFO">Argument types are:
&lt;class 'int'&gt;
&lt;class 'str'&gt;</msg>
<arg>${result.rc}</arg>
<arg>0</arg>
<arg>kubectl failed: ${result.stderr}</arg>
<doc>Fails if objects are unequal after converting them to integers.</doc>
<status status="PASS" start="2026-07-09T16:24:23.766109" elapsed="0.000911"/>
</kw>
<kw name="Should Be Equal" owner="BuiltIn">
<arg>${result.stdout}</arg>
<arg>1</arg>
<arg>Operator not running — install with: helm install kube-microvm-operator oci://ghcr.io/plasticity-of-cloud/helm/kube-microvm-operator --version ${CHART_VERSION} --namespace ${OPERATOR_NS} --create-namespace --set app.envs.AWS_REGION=${REGION}</arg>
<doc>Fails if the given objects are unequal.</doc>
<status status="PASS" start="2026-07-09T16:24:23.767103" elapsed="0.000482"/>
</kw>
<status status="PASS" start="2026-07-09T16:24:23.101045" elapsed="0.666599"/>
</kw>
<tag>critical</tag>
<tag>setup</tag>
<tag>smoke</tag>
<status status="PASS" start="2026-07-09T16:24:23.100573" elapsed="0.667150"/>
</test>
<test id="s1-t2" name="CRDs Are Installed" line="14">
<kw name="Verify CRDs Installed" owner="cluster_setup">
<kw name="Run Process" owner="Process">
<msg time="2026-07-09T16:24:23.768501" level="INFO">Starting process:
kubectl get crd microvms.lambda.aws.amazon.com</msg>
<msg time="2026-07-09T16:24:23.768915" level="INFO">Waiting for process to complete.</msg>
<msg time="2026-07-09T16:24:24.424566" level="INFO">Process completed.</msg>
<msg time="2026-07-09T16:24:24.424749" level="INFO">${result} = &lt;result object with rc 0&gt;</msg>
<var>${result}</var>
<arg>kubectl</arg>
<arg>get</arg>
<arg>crd</arg>
<arg>microvms.lambda.aws.amazon.com</arg>
<doc>Runs a process and waits for it to complete.</doc>
<status status="PASS" start="2026-07-09T16:24:23.768311" elapsed="0.656458"/>
</kw>
<kw name="Should Be Equal As Integers" owner="BuiltIn">
<msg time="2026-07-09T16:24:24.425550" level="INFO">Argument types are:
&lt;class 'int'&gt;
&lt;class 'str'&gt;</msg>
<arg>${result.rc}</arg>
<arg>0</arg>
<arg>CRDs not installed — operator Helm chart should install them</arg>
<doc>Fails if objects are unequal after converting them to integers.</doc>
<status status="PASS" start="2026-07-09T16:24:24.424931" elapsed="0.000661"/>
</kw>
<kw name="Run Process" owner="Process">
<msg time="2026-07-09T16:24:24.425840" level="INFO">Starting process:
kubectl get crd microvmimages.lambda.aws.amazon.com</msg>
<msg time="2026-07-09T16:24:24.426271" level="INFO">Waiting for process to complete.</msg>
<msg time="2026-07-09T16:24:25.078923" level="INFO">Process completed.</msg>
<msg time="2026-07-09T16:24:25.079111" level="INFO">${result} = &lt;result object with rc 0&gt;</msg>
<var>${result}</var>
<arg>kubectl</arg>
<arg>get</arg>
<arg>crd</arg>
<arg>microvmimages.lambda.aws.amazon.com</arg>
<doc>Runs a process and waits for it to complete.</doc>
<status status="PASS" start="2026-07-09T16:24:24.425668" elapsed="0.653463"/>
</kw>
<kw name="Should Be Equal As Integers" owner="BuiltIn">
<msg time="2026-07-09T16:24:25.079876" level="INFO">Argument types are:
&lt;class 'int'&gt;
&lt;class 'str'&gt;</msg>
<arg>${result.rc}</arg>
<arg>0</arg>
<arg>MicroVMImage CRD missing</arg>
<doc>Fails if objects are unequal after converting them to integers.</doc>
<status status="PASS" start="2026-07-09T16:24:25.079290" elapsed="0.000627"/>
</kw>
<kw name="Run Process" owner="Process">
<msg time="2026-07-09T16:24:25.080179" level="INFO">Starting process:
kubectl get crd microvmclasses.lambda.aws.amazon.com</msg>
<msg time="2026-07-09T16:24:25.080565" level="INFO">Waiting for process to complete.</msg>
<msg time="2026-07-09T16:24:25.727326" level="INFO">Process completed.</msg>
<msg time="2026-07-09T16:24:25.727514" level="INFO">${result} = &lt;result object with rc 0&gt;</msg>
<var>${result}</var>
<arg>kubectl</arg>
<arg>get</arg>
<arg>crd</arg>
<arg>microvmclasses.lambda.aws.amazon.com</arg>
<doc>Runs a process and waits for it to complete.</doc>
<status status="PASS" start="2026-07-09T16:24:25.080010" elapsed="0.647524"/>
</kw>
<kw name="Should Be Equal As Integers" owner="BuiltIn">
<msg time="2026-07-09T16:24:25.728372" level="INFO">Argument types are:
&lt;class 'int'&gt;
&lt;class 'str'&gt;</msg>
<arg>${result.rc}</arg>
<arg>0</arg>
<arg>MicroVMClass CRD missing</arg>
<doc>Fails if objects are unequal after converting them to integers.</doc>
<status status="PASS" start="2026-07-09T16:24:25.727705" elapsed="0.000710"/>
</kw>
<status status="PASS" start="2026-07-09T16:24:23.768169" elapsed="1.960304"/>
</kw>
<tag>critical</tag>
<tag>setup</tag>
<tag>smoke</tag>
<status status="PASS" start="2026-07-09T16:24:23.767873" elapsed="1.960681"/>
</test>
<test id="s1-t3" name="Namespace Is Labelled For MicroVMs" line="18">
<kw name="Verify Namespace Labelled" owner="cluster_setup">
<kw name="Run Process" owner="Process">
<msg time="2026-07-09T16:24:25.729434" level="INFO">Starting process:
kubectl get namespace default -o jsonpath={.metadata.labels.lambda\.aws\.amazon\.com/manage-microvms}</msg>
<msg time="2026-07-09T16:24:25.729838" level="INFO">Waiting for process to complete.</msg>
<msg time="2026-07-09T16:24:26.392461" level="INFO">Process completed.</msg>
<msg time="2026-07-09T16:24:26.392654" level="INFO">${result} = &lt;result object with rc 0&gt;</msg>
<var>${result}</var>
<arg>kubectl</arg>
<arg>get</arg>
<arg>namespace</arg>
<arg>${NAMESPACE}</arg>
<arg>-o</arg>
<arg>jsonpath\={.metadata.labels.lambda\\.aws\\.amazon\\.com/manage-microvms}</arg>
<doc>Runs a process and waits for it to complete.</doc>
<status status="PASS" start="2026-07-09T16:24:25.729193" elapsed="0.663483"/>
</kw>
<if>
<branch type="IF" condition="&quot;${result.stdout}&quot; != &quot;true&quot;">
<kw name="Run Process" owner="Process">
<arg>kubectl</arg>
<arg>label</arg>
<arg>namespace</arg>
<arg>${NAMESPACE}</arg>
<arg>lambda.aws.amazon.com/manage-microvms\=true</arg>
<arg>--overwrite</arg>
<doc>Runs a process and waits for it to complete.</doc>
<status status="NOT RUN" start="2026-07-09T16:24:26.393331" elapsed="0.000017"/>
</kw>
<kw name="Log" owner="BuiltIn">
<arg>Labelled namespace ${NAMESPACE} for MicroVM management</arg>
<doc>Logs the given message with the given level.</doc>
<status status="NOT RUN" start="2026-07-09T16:24:26.393418" elapsed="0.000011"/>
</kw>
<status status="NOT RUN" start="2026-07-09T16:24:26.392821" elapsed="0.000623"/>
</branch>
<status status="PASS" start="2026-07-09T16:24:26.392782" elapsed="0.000683"/>
</if>
<kw name="Run Process" owner="Process">
<msg time="2026-07-09T16:24:26.393845" level="INFO">Starting process:
kubectl get namespace default -o jsonpath={.metadata.labels.lambda\.microvm\.auth/inject}</msg>
<msg time="2026-07-09T16:24:26.394267" level="INFO">Waiting for process to complete.</msg>
<msg time="2026-07-09T16:24:27.048060" level="INFO">Process completed.</msg>
<msg time="2026-07-09T16:24:27.048304" level="INFO">${inject} = &lt;result object with rc 0&gt;</msg>
<var>${inject}</var>
<arg>kubectl</arg>
<arg>get</arg>
<arg>namespace</arg>
<arg>${NAMESPACE}</arg>
<arg>-o</arg>
<arg>jsonpath\={.metadata.labels.lambda\\.microvm\\.auth/inject}</arg>
<doc>Runs a process and waits for it to complete.</doc>
<status status="PASS" start="2026-07-09T16:24:26.393518" elapsed="0.654808"/>
</kw>
<if>
<branch type="IF" condition="&quot;${inject.stdout}&quot; != &quot;enabled&quot;">
<kw name="Run Process" owner="Process">
<arg>kubectl</arg>
<arg>label</arg>
<arg>namespace</arg>
<arg>${NAMESPACE}</arg>
<arg>lambda.microvm.auth/inject\=enabled</arg>
<arg>--overwrite</arg>
<doc>Runs a process and waits for it to complete.</doc>
<status status="NOT RUN" start="2026-07-09T16:24:27.048918" elapsed="0.000017"/>
</kw>
<status status="NOT RUN" start="2026-07-09T16:24:27.048458" elapsed="0.000528"/>
</branch>
<status status="PASS" start="2026-07-09T16:24:27.048426" elapsed="0.000581"/>
</if>
<status status="PASS" start="2026-07-09T16:24:25.729038" elapsed="1.320012"/>
</kw>
<tag>setup</tag>
<tag>smoke</tag>
<status status="PASS" start="2026-07-09T16:24:25.728700" elapsed="1.320421"/>
</test>
<test id="s1-t4" name="S3 Test Fixtures Are Uploaded" line="21">
<kw name="Verify S3 Fixtures Uploaded" owner="cluster_setup">
<kw name="Run Process" owner="Process">
<msg time="2026-07-09T16:24:27.050201" level="INFO">Starting process:
aws s3 ls s3://kube-microvm-test-864899852480-us-east-1/test-fixtures/microvm-hello-node.zip</msg>
<msg time="2026-07-09T16:24:27.050679" level="INFO">Waiting for process to complete.</msg>
<msg time="2026-07-09T16:24:27.739514" level="INFO">Process completed.</msg>
<msg time="2026-07-09T16:24:27.739701" level="INFO">${result} = &lt;result object with rc 0&gt;</msg>
<var>${result}</var>
<arg>aws</arg>
<arg>s3</arg>
<arg>ls</arg>
<arg>s3://${S3_BUCKET}/test-fixtures/microvm-hello-node.zip</arg>
<doc>Runs a process and waits for it to complete.</doc>
<status status="PASS" start="2026-07-09T16:24:27.049904" elapsed="0.689818"/>
</kw>
<if>
<branch type="IF" condition="${result.rc} != 0">
<kw name="Log" owner="BuiltIn">
<arg>Uploading test fixtures to S3...</arg>
<doc>Logs the given message with the given level.</doc>
<status status="NOT RUN" start="2026-07-09T16:24:27.740383" elapsed="0.000017"/>
</kw>
<kw name="Upload Test Fixtures" owner="cluster_setup">
<status status="NOT RUN" start="2026-07-09T16:24:27.740528" elapsed="0.000016"/>
</kw>
<status status="NOT RUN" start="2026-07-09T16:24:27.739845" elapsed="0.000713"/>
</branch>
<status status="PASS" start="2026-07-09T16:24:27.739816" elapsed="0.000762"/>
</if>
<status status="PASS" start="2026-07-09T16:24:27.049542" elapsed="0.691077"/>
</kw>
<tag>setup</tag>
<tag>smoke</tag>
<status status="PASS" start="2026-07-09T16:24:27.049253" elapsed="0.691433"/>
</test>
<test id="s1-t5" name="Operator Can Reach AWS API" line="24">
<kw name="Run Process" owner="Process">
<msg time="2026-07-09T16:24:27.741423" level="INFO">Starting process:
kubectl logs -n kube-microvm deploy/kube-microvm-operator --tail=5</msg>
<msg time="2026-07-09T16:24:27.741830" level="INFO">Waiting for process to complete.</msg>
<msg time="2026-07-09T16:24:28.418702" level="INFO">Process completed.</msg>
<msg time="2026-07-09T16:24:28.418887" level="INFO">${result} = &lt;result object with rc 0&gt;</msg>
<var>${result}</var>
<arg>kubectl</arg>
<arg>logs</arg>
<arg>-n</arg>
<arg>${OPERATOR_NS}</arg>
<arg>deploy/kube-microvm-operator</arg>
<arg>--tail\=5</arg>
<doc>Runs a process and waits for it to complete.</doc>
<status status="PASS" start="2026-07-09T16:24:27.741122" elapsed="0.677784"/>
</kw>
<kw name="Should Not Contain" owner="BuiltIn">
<arg>${result.stdout}</arg>
<arg>UnknownHostException</arg>
<doc>Fails if ``container`` contains ``item`` one or more times.</doc>
<status status="PASS" start="2026-07-09T16:24:28.419094" elapsed="0.000740"/>
</kw>
<kw name="Should Not Contain" owner="BuiltIn">
<arg>${result.stdout}</arg>
<arg>connection timed out</arg>
<doc>Fails if ``container`` contains ``item`` one or more times.</doc>
<status status="PASS" start="2026-07-09T16:24:28.419909" elapsed="0.000382"/>
</kw>
<kw name="Should Not Contain" owner="BuiltIn">
<arg>${result.stdout}</arg>
<arg>SSLHandshakeException</arg>
<doc>Fails if ``container`` contains ``item`` one or more times.</doc>
<status status="PASS" start="2026-07-09T16:24:28.420358" elapsed="0.000340"/>
</kw>
<doc>Verifies the operator can call the Lambda MicroVMs API
by checking operator logs for successful reconciliation (no connection errors).</doc>
<tag>setup</tag>
<tag>smoke</tag>
<status status="PASS" start="2026-07-09T16:24:27.740814" elapsed="0.679951"/>
</test>
<test id="s1-t6" name="Webhook Endpoints Are Active" line="32">
<kw name="Run Process" owner="Process">
<msg time="2026-07-09T16:24:28.421288" level="INFO">Starting process:
kubectl get validatingwebhookconfiguration kube-microvm-operator-validating</msg>
<msg time="2026-07-09T16:24:28.421696" level="INFO">Waiting for process to complete.</msg>
<msg time="2026-07-09T16:24:29.077988" level="INFO">Process completed.</msg>
<msg time="2026-07-09T16:24:29.078164" level="INFO">${result} = &lt;result object with rc 0&gt;</msg>
<var>${result}</var>
<arg>kubectl</arg>
<arg>get</arg>
<arg>validatingwebhookconfiguration</arg>
<arg>kube-microvm-operator-validating</arg>
<doc>Runs a process and waits for it to complete.</doc>
<status status="PASS" start="2026-07-09T16:24:28.421114" elapsed="0.657069"/>
</kw>
<kw name="Should Be Equal As Integers" owner="BuiltIn">
<msg time="2026-07-09T16:24:29.078932" level="INFO">Argument types are:
&lt;class 'int'&gt;
&lt;class 'str'&gt;</msg>
<arg>${result.rc}</arg>
<arg>0</arg>
<arg>Validating webhook not found</arg>
<doc>Fails if objects are unequal after converting them to integers.</doc>
<status status="PASS" start="2026-07-09T16:24:29.078353" elapsed="0.000637"/>
</kw>
<kw name="Run Process" owner="Process">
<msg time="2026-07-09T16:24:29.079238" level="INFO">Starting process:
kubectl get mutatingwebhookconfiguration kube-microvm-operator-mutating</msg>
<msg time="2026-07-09T16:24:29.079633" level="INFO">Waiting for process to complete.</msg>
<msg time="2026-07-09T16:24:29.731384" level="INFO">Process completed.</msg>
<msg time="2026-07-09T16:24:29.731565" level="INFO">${result} = &lt;result object with rc 0&gt;</msg>
<var>${result}</var>
<arg>kubectl</arg>
<arg>get</arg>
<arg>mutatingwebhookconfiguration</arg>
<arg>kube-microvm-operator-mutating</arg>
<doc>Runs a process and waits for it to complete.</doc>
<status status="PASS" start="2026-07-09T16:24:29.079067" elapsed="0.652518"/>
</kw>
<kw name="Should Be Equal As Integers" owner="BuiltIn">
<msg time="2026-07-09T16:24:29.732413" level="INFO">Argument types are:
&lt;class 'int'&gt;
&lt;class 'str'&gt;</msg>
<arg>${result.rc}</arg>
<arg>0</arg>
<arg>Mutating webhook not found</arg>
<doc>Fails if objects are unequal after converting them to integers.</doc>
<status status="PASS" start="2026-07-09T16:24:29.731754" elapsed="0.000703"/>
</kw>
<tag>setup</tag>
<tag>smoke</tag>
<status status="PASS" start="2026-07-09T16:24:28.420892" elapsed="1.311641"/>
</test>
<test id="s1-t7" name="Pod Identity Association Exists" line="38">
<kw name="Run Process" owner="Process">
<msg time="2026-07-09T16:24:29.733173" level="INFO">Starting process:
aws eks list-pod-identity-associations --cluster-name ecp-us1 --namespace kube-microvm --service-account kube-microvm-operator</msg>
<msg time="2026-07-09T16:24:29.733650" level="INFO">Waiting for process to complete.</msg>
<msg time="2026-07-09T16:24:30.550478" level="INFO">Process completed.</msg>
<msg time="2026-07-09T16:24:30.550663" level="INFO">${result} = &lt;result object with rc 0&gt;</msg>
<var>${result}</var>
<arg>aws</arg>
<arg>eks</arg>
<arg>list-pod-identity-associations</arg>
<arg>--cluster-name</arg>
<arg>ecp-us1</arg>
<arg>--namespace</arg>
<arg>${OPERATOR_NS}</arg>
<arg>--service-account</arg>
<arg>kube-microvm-operator</arg>
<doc>Runs a process and waits for it to complete.</doc>
<status status="PASS" start="2026-07-09T16:24:29.732914" elapsed="0.817769"/>
</kw>
<kw name="Should Contain" owner="BuiltIn">
<arg>${result.stdout}</arg>
<arg>podidentityassociation</arg>
<doc>Fails if ``container`` does not contain ``item`` one or more times.</doc>
<status status="PASS" start="2026-07-09T16:24:30.550922" elapsed="0.000621"/>
</kw>
<doc>Verifies that EKS Pod Identity is configured for the operator SA.</doc>
<tag>setup</tag>
<tag>smoke</tag>
<status status="PASS" start="2026-07-09T16:24:29.732662" elapsed="0.818961"/>
</test>
<doc>Cluster prerequisite validation — run this first to verify your cluster
is ready for UAT. If any test fails, follow the error message to fix.</doc>
<status status="PASS" start="2026-07-09T16:24:23.056828" elapsed="7.495099"/>
</suite>
<statistics>
<total>
<stat pass="7" fail="0" skip="0">All Tests</stat>
</total>
<tag>
<stat pass="2" fail="0" skip="0">critical</stat>
<stat pass="7" fail="0" skip="0">setup</stat>
<stat pass="7" fail="0" skip="0">smoke</stat>
</tag>
<suite>
<stat name="00 Cluster Setup" id="s1" pass="7" fail="0" skip="0">00 Cluster Setup</stat>
</suite>
</statistics>
<errors>
</errors>
</robot>
